  [1m[35m (0.1ms)[0m  [1m[34mSELECT sqlite_version(*)[0m
  ↳ /Users/nheinrich/.rvm/rubies/ruby-2.6.2/lib/ruby/gems/2.6.0/gems/rake-12.3.2/lib/rake/task.rb:273
  [1m[35m (1.1ms)[0m  [1m[35mCREATE TABLE "schema_migrations" ("version" varchar NOT NULL PRIMARY KEY)[0m
  ↳ /Users/nheinrich/.rvm/rubies/ruby-2.6.2/lib/ruby/gems/2.6.0/gems/rake-12.3.2/lib/rake/task.rb:273
  [1m[35m (0.9ms)[0m  [1m[35mCREATE TABLE "ar_internal_metadata" ("key" varchar NOT NULL PRIMARY KEY, "value" varchar, "created_at" datetime NOT NULL, "updated_at" datetime NOT NULL)[0m
  ↳ /Users/nheinrich/.rvm/rubies/ruby-2.6.2/lib/ruby/gems/2.6.0/gems/rake-12.3.2/lib/rake/task.rb:273
  [1m[35m (0.2ms)[0m  [1m[34mSELECT "schema_migrations"."version" FROM "schema_migrations" ORDER BY "schema_migrations"."version" ASC[0m
  ↳ /Users/nheinrich/.rvm/rubies/ruby-2.6.2/lib/ruby/gems/2.6.0/gems/rake-12.3.2/lib/rake/task.rb:273
Migrating to CreateColors (20190501150833)
  [1m[35m (0.1ms)[0m  [1m[36mbegin transaction[0m
  ↳ /Users/nheinrich/.rvm/rubies/ruby-2.6.2/lib/ruby/gems/2.6.0/gems/rake-12.3.2/lib/rake/task.rb:273
  [1m[35m (0.4ms)[0m  [1m[35mCREATE TABLE "colors" ("id" integer PRIMARY KEY AUTOINCREMENT NOT NULL, "name" varchar, "hexcode" varchar, "created_at" datetime NOT NULL, "updated_at" datetime NOT NULL)[0m
  ↳ db/migrate/20190501150833_create_colors.rb:3
  [1m[36mActiveRecord::SchemaMigration Create (0.1ms)[0m  [1m[32mINSERT INTO "schema_migrations" ("version") VALUES (?)[0m  [["version", "20190501150833"]]
  ↳ /Users/nheinrich/.rvm/rubies/ruby-2.6.2/lib/ruby/gems/2.6.0/gems/rake-12.3.2/lib/rake/task.rb:273
  [1m[35m (0.6ms)[0m  [1m[36mcommit transaction[0m
  ↳ /Users/nheinrich/.rvm/rubies/ruby-2.6.2/lib/ruby/gems/2.6.0/gems/rake-12.3.2/lib/rake/task.rb:273
  [1m[36mActiveRecord::InternalMetadata Load (0.1ms)[0m  [1m[34mSELECT  "ar_internal_metadata".* FROM "ar_internal_metadata" WHERE "ar_internal_metadata"."key" = ? LIMIT ?[0m  [["key", "environment"], ["LIMIT", 1]]
  ↳ /Users/nheinrich/.rvm/rubies/ruby-2.6.2/lib/ruby/gems/2.6.0/gems/rake-12.3.2/lib/rake/task.rb:273
  [1m[35m (0.0ms)[0m  [1m[36mbegin transaction[0m
  ↳ /Users/nheinrich/.rvm/rubies/ruby-2.6.2/lib/ruby/gems/2.6.0/gems/rake-12.3.2/lib/rake/task.rb:273
  [1m[36mActiveRecord::InternalMetadata Create (0.4ms)[0m  [1m[32mINSERT INTO "ar_internal_metadata" ("key", "value", "created_at", "updated_at") VALUES (?, ?, ?, ?)[0m  [["key", "environment"], ["value", "development"], ["created_at", "2019-05-01 15:19:36.087072"], ["updated_at", "2019-05-01 15:19:36.087072"]]
  ↳ /Users/nheinrich/.rvm/rubies/ruby-2.6.2/lib/ruby/gems/2.6.0/gems/rake-12.3.2/lib/rake/task.rb:273
  [1m[35m (0.7ms)[0m  [1m[36mcommit transaction[0m
  ↳ /Users/nheinrich/.rvm/rubies/ruby-2.6.2/lib/ruby/gems/2.6.0/gems/rake-12.3.2/lib/rake/task.rb:273
  [1m[35m (0.1ms)[0m  [1m[34mSELECT "schema_migrations"."version" FROM "schema_migrations" ORDER BY "schema_migrations"."version" ASC[0m
  ↳ /Users/nheinrich/.rvm/rubies/ruby-2.6.2/lib/ruby/gems/2.6.0/gems/rake-12.3.2/lib/rake/task.rb:273
  [1m[35m (0.0ms)[0m  [1m[36mbegin transaction[0m
  [1m[36mColor Create (0.5ms)[0m  [1m[32mINSERT INTO "colors" ("name", "hexcode", "created_at", "updated_at") VALUES (?, ?, ?, ?)[0m  [["name", "Lime"], ["hexcode", "#00ff00"], ["created_at", "2019-05-01 15:20:31.113826"], ["updated_at", "2019-05-01 15:20:31.113826"]]
  [1m[35m (1.1ms)[0m  [1m[36mcommit transaction[0m
Started GET "/colors" for ::1 at 2019-05-01 10:20:50 -0500
  [1m[35m (0.1ms)[0m  [1m[34mSELECT "schema_migrations"."version" FROM "schema_migrations" ORDER BY "schema_migrations"."version" ASC[0m
  ↳ /Users/nheinrich/.rvm/gems/ruby-2.6.2/gems/activerecord-5.2.3/lib/active_record/log_subscriber.rb:98
Processing by ColorsController#index as HTML
  Rendering colors/index.html.erb within layouts/application
  [1m[36mColor Load (0.1ms)[0m  [1m[34mSELECT "colors".* FROM "colors"[0m
  ↳ app/views/colors/index.html.erb:2
  Rendered colors/index.html.erb within layouts/application (10.3ms)
Completed 200 OK in 240ms (Views: 230.2ms | ActiveRecord: 0.5ms)


Started GET "/colors" for ::1 at 2019-05-01 10:23:36 -0500
Processing by ColorsController#index as HTML
  Rendering colors/index.html.erb within layouts/application
  Rendered colors/index.html.erb within layouts/application (0.5ms)
Completed 500 Internal Server Error in 4ms (ActiveRecord: 0.0ms)


  
SyntaxError (/Users/nheinrich/Desktop/favebow/app/views/colors/index.html.erb:3: syntax error, unexpected =>, expecting '}'
....append=( color.name {:style => "#{color.hexcode}"} );@outpu...
...                             ^~
/Users/nheinrich/Desktop/favebow/app/views/colors/index.html.erb:3: syntax error, unexpected '}', expecting ')'
... {:style => "#{color.hexcode}"} );@output_buffer.safe_append...
...                              ^
/Users/nheinrich/Desktop/favebow/app/views/colors/index.html.erb:4: syntax error, unexpected end, expecting ')'
'.freeze; end 
          ^~~
/Users/nheinrich/Desktop/favebow/app/views/colors/index.html.erb:8: syntax error, unexpected ensure, expecting ')'
          ensure
          ^~~~~~
/Users/nheinrich/Desktop/favebow/app/views/colors/index.html.erb:10: syntax error, unexpected end, expecting ')'
          end
          ^~~):
  
app/views/colors/index.html.erb:3: syntax error, unexpected =>, expecting '}'
app/views/colors/index.html.erb:3: syntax error, unexpected '}', expecting ')'
app/views/colors/index.html.erb:4: syntax error, unexpected end, expecting ')'
app/views/colors/index.html.erb:8: syntax error, unexpected ensure, expecting ')'
app/views/colors/index.html.erb:10: syntax error, unexpected end, expecting ')'
Started GET "/colors" for ::1 at 2019-05-01 10:25:19 -0500
Processing by ColorsController#index as HTML
  Rendering colors/index.html.erb within layouts/application
  Rendered colors/index.html.erb within layouts/application (0.8ms)
Completed 500 Internal Server Error in 4ms (ActiveRecord: 0.0ms)


  
SyntaxError (/Users/nheinrich/Desktop/favebow/app/views/colors/index.html.erb:3: syntax error, unexpected =>, expecting '}'
...to color.name, color {:style => "color: #{color.hexcode}"} )...
...                             ^~
/Users/nheinrich/Desktop/favebow/app/views/colors/index.html.erb:3: syntax error, unexpected '}', expecting ')'
...e => "color: #{color.hexcode}"} );@output_buffer.safe_append...
...                              ^
/Users/nheinrich/Desktop/favebow/app/views/colors/index.html.erb:4: syntax error, unexpected end, expecting ')'
'.freeze; end 
          ^~~
/Users/nheinrich/Desktop/favebow/app/views/colors/index.html.erb:8: syntax error, unexpected ensure, expecting ')'
          ensure
          ^~~~~~
/Users/nheinrich/Desktop/favebow/app/views/colors/index.html.erb:10: syntax error, unexpected end, expecting ')'
          end
          ^~~):
  
app/views/colors/index.html.erb:3: syntax error, unexpected =>, expecting '}'
app/views/colors/index.html.erb:3: syntax error, unexpected '}', expecting ')'
app/views/colors/index.html.erb:4: syntax error, unexpected end, expecting ')'
app/views/colors/index.html.erb:8: syntax error, unexpected ensure, expecting ')'
app/views/colors/index.html.erb:10: syntax error, unexpected end, expecting ')'
Started GET "/colors" for ::1 at 2019-05-01 10:25:28 -0500
Processing by ColorsController#index as HTML
  Rendering colors/index.html.erb within layouts/application
  Rendered colors/index.html.erb within layouts/application (0.7ms)
Completed 500 Internal Server Error in 4ms (ActiveRecord: 0.0ms)


  
SyntaxError (/Users/nheinrich/Desktop/favebow/app/views/colors/index.html.erb:3: syntax error, unexpected =>, expecting '}'
...to color.name, color {:style => "color: color.hexcode"} );@o...
...                             ^~
/Users/nheinrich/Desktop/favebow/app/views/colors/index.html.erb:3: syntax error, unexpected '}', expecting ')'
...tyle => "color: color.hexcode"} );@output_buffer.safe_append...
...                              ^
/Users/nheinrich/Desktop/favebow/app/views/colors/index.html.erb:4: syntax error, unexpected end, expecting ')'
'.freeze; end 
          ^~~
/Users/nheinrich/Desktop/favebow/app/views/colors/index.html.erb:8: syntax error, unexpected ensure, expecting ')'
          ensure
          ^~~~~~
/Users/nheinrich/Desktop/favebow/app/views/colors/index.html.erb:10: syntax error, unexpected end, expecting ')'
          end
          ^~~):
  
app/views/colors/index.html.erb:3: syntax error, unexpected =>, expecting '}'
app/views/colors/index.html.erb:3: syntax error, unexpected '}', expecting ')'
app/views/colors/index.html.erb:4: syntax error, unexpected end, expecting ')'
app/views/colors/index.html.erb:8: syntax error, unexpected ensure, expecting ')'
app/views/colors/index.html.erb:10: syntax error, unexpected end, expecting ')'
Started GET "/colors" for ::1 at 2019-05-01 10:25:53 -0500
Processing by ColorsController#index as HTML
  Rendering colors/index.html.erb within layouts/application
  [1m[36mColor Load (0.2ms)[0m  [1m[34mSELECT "colors".* FROM "colors"[0m
  ↳ app/views/colors/index.html.erb:2
  Rendered colors/index.html.erb within layouts/application (1.4ms)
Completed 200 OK in 16ms (Views: 14.6ms | ActiveRecord: 0.2ms)


Started GET "/colors/1" for ::1 at 2019-05-01 10:30:50 -0500
Processing by ColorsController#show as HTML
  Parameters: {"id"=>"1"}
  [1m[36mColor Load (0.1ms)[0m  [1m[34mSELECT  "colors".* FROM "colors" WHERE "colors"."id" = ? LIMIT ?[0m  [["id", 1], ["LIMIT", 1]]
  ↳ app/controllers/colors_controller.rb:11
  Rendering colors/show.html.erb within layouts/application
  Rendered colors/show.html.erb within layouts/application (0.3ms)
Completed 200 OK in 15ms (Views: 7.6ms | ActiveRecord: 0.5ms)


Started GET "/colors/1" for ::1 at 2019-05-01 10:31:01 -0500
Processing by ColorsController#show as HTML
  Parameters: {"id"=>"1"}
  [1m[36mColor Load (0.1ms)[0m  [1m[34mSELECT  "colors".* FROM "colors" WHERE "colors"."id" = ? LIMIT ?[0m  [["id", 1], ["LIMIT", 1]]
  ↳ app/controllers/colors_controller.rb:11
  Rendering colors/show.html.erb within layouts/application
  Rendered colors/show.html.erb within layouts/application (0.4ms)
Completed 200 OK in 12ms (Views: 10.6ms | ActiveRecord: 0.1ms)


  [1m[35m (0.1ms)[0m  [1m[34mSELECT "schema_migrations"."version" FROM "schema_migrations" ORDER BY "schema_migrations"."version" ASC[0m
  ↳ /Users/nheinrich/.rvm/rubies/ruby-2.6.2/lib/ruby/gems/2.6.0/gems/rake-12.3.2/lib/rake/task.rb:273
  [1m[35m (0.0ms)[0m  [1m[36mbegin transaction[0m
  ↳ db/seeds.rb:8
  [1m[36mColor Create (0.3ms)[0m  [1m[32mINSERT INTO "colors" ("name", "hexcode", "created_at", "updated_at") VALUES (?, ?, ?, ?)[0m  [["name", "Light Coral"], ["hexcode", "#F080808"], ["created_at", "2019-05-01 15:33:55.784765"], ["updated_at", "2019-05-01 15:33:55.784765"]]
  ↳ db/seeds.rb:8
  [1m[35m (0.6ms)[0m  [1m[36mcommit transaction[0m
  ↳ db/seeds.rb:8
  [1m[35m (0.0ms)[0m  [1m[36mbegin transaction[0m
  ↳ db/seeds.rb:8
  [1m[36mColor Create (0.2ms)[0m  [1m[32mINSERT INTO "colors" ("name", "hexcode", "created_at", "updated_at") VALUES (?, ?, ?, ?)[0m  [["name", "Glidden Regal Purple"], ["hexcode", "#704775"], ["created_at", "2019-05-01 15:33:55.787199"], ["updated_at", "2019-05-01 15:33:55.787199"]]
  ↳ db/seeds.rb:8
  [1m[35m (0.5ms)[0m  [1m[36mcommit transaction[0m
  ↳ db/seeds.rb:8
  [1m[35m (0.0ms)[0m  [1m[36mbegin transaction[0m
  ↳ db/seeds.rb:8
  [1m[36mColor Create (0.3ms)[0m  [1m[32mINSERT INTO "colors" ("name", "hexcode", "created_at", "updated_at") VALUES (?, ?, ?, ?)[0m  [["name", "Macaroni & Cheese"], ["hexcode", "#FFB97B"], ["created_at", "2019-05-01 15:33:55.788843"], ["updated_at", "2019-05-01 15:33:55.788843"]]
  ↳ db/seeds.rb:8
  [1m[35m (0.6ms)[0m  [1m[36mcommit transaction[0m
  ↳ db/seeds.rb:8
  [1m[35m (0.0ms)[0m  [1m[36mbegin transaction[0m
  ↳ db/seeds.rb:8
  [1m[36mColor Create (0.3ms)[0m  [1m[32mINSERT INTO "colors" ("name", "hexcode", "created_at", "updated_at") VALUES (?, ?, ?, ?)[0m  [["name", "Light Sea Green"], ["hexcode", "#20B2AA"], ["created_at", "2019-05-01 15:33:55.790795"], ["updated_at", "2019-05-01 15:33:55.790795"]]
  ↳ db/seeds.rb:8
  [1m[35m (0.6ms)[0m  [1m[36mcommit transaction[0m
  ↳ db/seeds.rb:8
Started GET "/colors" for ::1 at 2019-05-01 10:34:01 -0500
Processing by ColorsController#index as HTML
  Rendering colors/index.html.erb within layouts/application
  [1m[36mColor Load (0.4ms)[0m  [1m[34mSELECT "colors".* FROM "colors"[0m
  ↳ app/views/colors/index.html.erb:2
  Rendered colors/index.html.erb within layouts/application (4.4ms)
Completed 200 OK in 25ms (Views: 22.4ms | ActiveRecord: 0.4ms)


Started GET "/colors/2" for ::1 at 2019-05-01 10:34:08 -0500
Processing by ColorsController#show as HTML
  Parameters: {"id"=>"2"}
  [1m[36mColor Load (0.2ms)[0m  [1m[34mSELECT  "colors".* FROM "colors" WHERE "colors"."id" = ? LIMIT ?[0m  [["id", 2], ["LIMIT", 1]]
  ↳ app/controllers/colors_controller.rb:11
  Rendering colors/show.html.erb within layouts/application
  Rendered colors/show.html.erb within layouts/application (0.4ms)
Completed 200 OK in 17ms (Views: 14.8ms | ActiveRecord: 0.2ms)


Started GET "/colors/3" for ::1 at 2019-05-01 10:34:27 -0500
Processing by ColorsController#show as HTML
  Parameters: {"id"=>"3"}
  [1m[36mColor Load (0.1ms)[0m  [1m[34mSELECT  "colors".* FROM "colors" WHERE "colors"."id" = ? LIMIT ?[0m  [["id", 3], ["LIMIT", 1]]
  ↳ app/controllers/colors_controller.rb:11
  Rendering colors/show.html.erb within layouts/application
  Rendered colors/show.html.erb within layouts/application (0.4ms)
Completed 200 OK in 16ms (Views: 14.1ms | ActiveRecord: 0.1ms)


Started GET "/colors/4" for ::1 at 2019-05-01 10:34:34 -0500
Processing by ColorsController#show as HTML
  Parameters: {"id"=>"4"}
  [1m[36mColor Load (0.2ms)[0m  [1m[34mSELECT  "colors".* FROM "colors" WHERE "colors"."id" = ? LIMIT ?[0m  [["id", 4], ["LIMIT", 1]]
  ↳ app/controllers/colors_controller.rb:11
  Rendering colors/show.html.erb within layouts/application
  Rendered colors/show.html.erb within layouts/application (0.6ms)
Completed 200 OK in 32ms (Views: 29.4ms | ActiveRecord: 0.2ms)


Started GET "/colors/5" for ::1 at 2019-05-01 10:34:36 -0500
Processing by ColorsController#show as HTML
  Parameters: {"id"=>"5"}
  [1m[36mColor Load (0.3ms)[0m  [1m[34mSELECT  "colors".* FROM "colors" WHERE "colors"."id" = ? LIMIT ?[0m  [["id", 5], ["LIMIT", 1]]
  ↳ app/controllers/colors_controller.rb:11
  Rendering colors/show.html.erb within layouts/application
  Rendered colors/show.html.erb within layouts/application (0.6ms)
Completed 200 OK in 21ms (Views: 18.9ms | ActiveRecord: 0.3ms)


  [1m[36mColor Exists (0.2ms)[0m  [1m[34mSELECT  1 AS one FROM "colors" WHERE "colors"."name" = ? LIMIT ?[0m  [["name", "Fake Color"], ["LIMIT", 1]]
  [1m[36mColor Exists (0.2ms)[0m  [1m[34mSELECT  1 AS one FROM "colors" WHERE "colors"."hexcode" IS NULL LIMIT ?[0m  [["LIMIT", 1]]
  [1m[36mColor Exists (0.4ms)[0m  [1m[34mSELECT  1 AS one FROM "colors" WHERE "colors"."name" IS NULL LIMIT ?[0m  [["LIMIT", 1]]
  [1m[36mColor Exists (0.3ms)[0m  [1m[34mSELECT  1 AS one FROM "colors" WHERE "colors"."hexcode" = ? LIMIT ?[0m  [["hexcode", "#ffffff"], ["LIMIT", 1]]
  [1m[36mColor Exists (0.4ms)[0m  [1m[34mSELECT  1 AS one FROM "colors" WHERE "colors"."name" = ? LIMIT ?[0m  [["name", "Hot pink"], ["LIMIT", 1]]
  [1m[36mColor Exists (0.4ms)[0m  [1m[34mSELECT  1 AS one FROM "colors" WHERE "colors"."hexcode" = ? LIMIT ?[0m  [["hexcode", "sdfsar"], ["LIMIT", 1]]
  [1m[35m (0.1ms)[0m  [1m[36mbegin transaction[0m
  [1m[36mColor Exists (0.2ms)[0m  [1m[34mSELECT  1 AS one FROM "colors" WHERE "colors"."name" = ? LIMIT ?[0m  [["name", "Hot pink"], ["LIMIT", 1]]
  [1m[36mColor Exists (0.2ms)[0m  [1m[34mSELECT  1 AS one FROM "colors" WHERE "colors"."hexcode" = ? LIMIT ?[0m  [["hexcode", "sdfsar"], ["LIMIT", 1]]
  [1m[35m (0.1ms)[0m  [1m[31mrollback transaction[0m
Started GET "/colors/new" for ::1 at 2019-05-01 10:47:16 -0500
Processing by ColorsController#new as HTML
  Rendering colors/new.html.erb within layouts/application
  Rendered colors/new.html.erb within layouts/application (12.1ms)
Completed 200 OK in 32ms (Views: 22.6ms | ActiveRecord: 0.5ms)


Started POST "/colors" for ::1 at 2019-05-01 10:49:32 -0500
Processing by ColorsController#create as HTML
  Parameters: {"utf8"=>"✓", "authenticity_token"=>"qZs3C6rTMbo9sYLLxE51fC2jQO+7PpSpFLb5BNnKkGtYv6u5EfIE7FcDcsDnwKYz64kE0pL6iI/4vtYvlbdfjA==", "color"=>{"name"=>"Obstinate Orange", "hexcode"=>"#D75530"}, "commit"=>"Create Color"}
Completed 404 Not Found in 4ms (ActiveRecord: 0.6ms)


  
ActiveRecord::RecordNotFound (Couldn't find Color without an ID):
  
app/controllers/colors_controller.rb:11:in `find_color'
app/controllers/colors_controller.rb:19:in `create'
Started GET "/colors/new" for ::1 at 2019-05-01 10:51:02 -0500
Processing by ColorsController#new as HTML
  Rendering colors/new.html.erb within layouts/application
  Rendered colors/new.html.erb within layouts/application (1.7ms)
Completed 200 OK in 34ms (Views: 16.0ms | ActiveRecord: 10.3ms)


Started POST "/colors" for ::1 at 2019-05-01 10:51:18 -0500
Processing by ColorsController#create as HTML
  Parameters: {"utf8"=>"✓", "authenticity_token"=>"OJKPn3ow8LI7cWNRICPOpXexs4NTl3pFmUMx01X5MV3JthMtwRHF5FHDk1oDrR3qsZv3vnpTZmN1Sx74GYT+ug==", "color"=>{"name"=>"Obstinate Orange", "hexcode"=>"#D75530"}, "commit"=>"Create Color"}
  [1m[36mColor Exists (0.2ms)[0m  [1m[34mSELECT  1 AS one FROM "colors" WHERE "colors"."name" = ? LIMIT ?[0m  [["name", "Obstinate Orange"], ["LIMIT", 1]]
  ↳ app/controllers/colors_controller.rb:20
  [1m[36mColor Exists (0.2ms)[0m  [1m[34mSELECT  1 AS one FROM "colors" WHERE "colors"."hexcode" = ? LIMIT ?[0m  [["hexcode", "#D75530"], ["LIMIT", 1]]
  ↳ app/controllers/colors_controller.rb:20
  [1m[35m (0.1ms)[0m  [1m[36mbegin transaction[0m
  ↳ app/controllers/colors_controller.rb:21
  [1m[36mCACHE Color Exists (0.0ms)[0m  [1m[34mSELECT  1 AS one FROM "colors" WHERE "colors"."name" = ? LIMIT ?[0m  [["name", "Obstinate Orange"], ["LIMIT", 1]]
  ↳ app/controllers/colors_controller.rb:21
  [1m[36mCACHE Color Exists (0.0ms)[0m  [1m[34mSELECT  1 AS one FROM "colors" WHERE "colors"."hexcode" = ? LIMIT ?[0m  [["hexcode", "#D75530"], ["LIMIT", 1]]
  ↳ app/controllers/colors_controller.rb:21
  [1m[36mColor Create (0.5ms)[0m  [1m[32mINSERT INTO "colors" ("name", "hexcode", "created_at", "updated_at") VALUES (?, ?, ?, ?)[0m  [["name", "Obstinate Orange"], ["hexcode", "#D75530"], ["created_at", "2019-05-01 15:51:18.827516"], ["updated_at", "2019-05-01 15:51:18.827516"]]
  ↳ app/controllers/colors_controller.rb:21
  [1m[35m (0.8ms)[0m  [1m[36mcommit transaction[0m
  ↳ app/controllers/colors_controller.rb:21
Redirected to http://localhost:3000/colors/6
Completed 302 Found in 8ms (ActiveRecord: 1.7ms)


Started GET "/colors/6" for ::1 at 2019-05-01 10:51:18 -0500
Processing by ColorsController#show as HTML
  Parameters: {"id"=>"6"}
  [1m[36mColor Load (0.2ms)[0m  [1m[34mSELECT  "colors".* FROM "colors" WHERE "colors"."id" = ? LIMIT ?[0m  [["id", 6], ["LIMIT", 1]]
  ↳ app/controllers/colors_controller.rb:11
  Rendering colors/show.html.erb within layouts/application
  Rendered colors/show.html.erb within layouts/application (0.4ms)
Completed 200 OK in 12ms (Views: 10.0ms | ActiveRecord: 0.2ms)


Started GET "/colors/new" for ::1 at 2019-05-01 10:53:19 -0500
Processing by ColorsController#new as HTML
  Rendering colors/new.html.erb within layouts/application
  Rendered colors/new.html.erb within layouts/application (2.5ms)
Completed 200 OK in 32ms (Views: 21.1ms | ActiveRecord: 0.6ms)


Started POST "/colors" for ::1 at 2019-05-01 10:53:27 -0500
Processing by ColorsController#create as HTML
  Parameters: {"utf8"=>"✓", "authenticity_token"=>"PZDrfYVoUrijNa9Cjgvw978P/Pyy4046sf7nUuP0BAXMtHfPPkln7smHX0mthSO4eSW4wZsnUhxd9sh5r4nL4g==", "color"=>{"name"=>"fdlkfjaksdf", "hexcode"=>"#ds"}, "commit"=>"Create Color"}
  [1m[36mColor Exists (0.3ms)[0m  [1m[34mSELECT  1 AS one FROM "colors" WHERE "colors"."name" = ? LIMIT ?[0m  [["name", "fdlkfjaksdf"], ["LIMIT", 1]]
  ↳ app/controllers/colors_controller.rb:20
  [1m[36mColor Exists (0.4ms)[0m  [1m[34mSELECT  1 AS one FROM "colors" WHERE "colors"."hexcode" = ? LIMIT ?[0m  [["hexcode", "#ds"], ["LIMIT", 1]]
  ↳ app/controllers/colors_controller.rb:20
  Rendering colors/new.html.erb within layouts/application
  Rendered colors/new.html.erb within layouts/application (4.7ms)
Completed 500 Internal Server Error in 14ms (ActiveRecord: 0.7ms)


  
ActionView::Template::Error (undefined method `message' for "Hexcode is invalid":String):
    1: <% if @errors %>
    2:   <% @errors.each do |error| %>
    3:     <%= error.message %>
    4:   <% end %>
    5: <% end %>
    6: <%= form_for @color do |f| %>
  
app/views/colors/new.html.erb:3:in `block in _app_views_colors_new_html_erb___516086605580477480_70271614904400'
app/views/colors/new.html.erb:2:in `each'
app/views/colors/new.html.erb:2:in `_app_views_colors_new_html_erb___516086605580477480_70271614904400'
app/controllers/colors_controller.rb:25:in `create'
Started POST "/colors" for ::1 at 2019-05-01 10:53:49 -0500
Processing by ColorsController#create as HTML
  Parameters: {"utf8"=>"✓", "authenticity_token"=>"PZDrfYVoUrijNa9Cjgvw978P/Pyy4046sf7nUuP0BAXMtHfPPkln7smHX0mthSO4eSW4wZsnUhxd9sh5r4nL4g==", "color"=>{"name"=>"fdlkfjaksdf", "hexcode"=>"#ds"}, "commit"=>"Create Color"}
  [1m[36mColor Exists (0.2ms)[0m  [1m[34mSELECT  1 AS one FROM "colors" WHERE "colors"."name" = ? LIMIT ?[0m  [["name", "fdlkfjaksdf"], ["LIMIT", 1]]
  ↳ app/controllers/colors_controller.rb:20
  [1m[36mColor Exists (0.2ms)[0m  [1m[34mSELECT  1 AS one FROM "colors" WHERE "colors"."hexcode" = ? LIMIT ?[0m  [["hexcode", "#ds"], ["LIMIT", 1]]
  ↳ app/controllers/colors_controller.rb:20
  Rendering colors/new.html.erb within layouts/application
  Rendered colors/new.html.erb within layouts/application (0.9ms)
Completed 500 Internal Server Error in 5ms (ActiveRecord: 0.4ms)


  
ActionView::Template::Error (First argument in form cannot contain nil or be empty):
    3:     <%= error %>
    4:   <% end %>
    5: <% end %>
    6: <%= form_for @color do |f| %>
    7:   <%= f.label :name %>
    8:   <%= f.text_field :name %>
    9:   <br>
  
app/views/colors/new.html.erb:6:in `_app_views_colors_new_html_erb___516086605580477480_70271615448520'
app/controllers/colors_controller.rb:25:in `create'
Started GET "/colors/new" for ::1 at 2019-05-01 10:53:53 -0500
Processing by ColorsController#new as HTML
  Rendering colors/new.html.erb within layouts/application
  Rendered colors/new.html.erb within layouts/application (2.4ms)
Completed 200 OK in 15ms (Views: 14.0ms | ActiveRecord: 0.0ms)


Started POST "/colors" for ::1 at 2019-05-01 10:53:59 -0500
Processing by ColorsController#create as HTML
  Parameters: {"utf8"=>"✓", "authenticity_token"=>"5n3YC02xG/nX3qodijKsRxfNKwPV1FqXEKauu7iOcBsXWUS59pAur71sWhapvH8I0edvPvwQRrH8roGQ9PO//A==", "color"=>{"name"=>"dsafsadf", "hexcode"=>"32rwerwqefrewrjiladsjfkas"}, "commit"=>"Create Color"}
  [1m[36mColor Exists (0.2ms)[0m  [1m[34mSELECT  1 AS one FROM "colors" WHERE "colors"."name" = ? LIMIT ?[0m  [["name", "dsafsadf"], ["LIMIT", 1]]
  ↳ app/controllers/colors_controller.rb:20
  [1m[36mColor Exists (0.2ms)[0m  [1m[34mSELECT  1 AS one FROM "colors" WHERE "colors"."hexcode" = ? LIMIT ?[0m  [["hexcode", "32rwerwqefrewrjiladsjfkas"], ["LIMIT", 1]]
  ↳ app/controllers/colors_controller.rb:20
  Rendering colors/new.html.erb within layouts/application
  Rendered colors/new.html.erb within layouts/application (2.5ms)
Completed 500 Internal Server Error in 9ms (ActiveRecord: 0.4ms)


  
ActionView::Template::Error (First argument in form cannot contain nil or be empty):
    3:     <%= error %>
    4:   <% end %>
    5: <% end %>
    6: <%= form_for @color do |f| %>
    7:   <%= f.label :name %>
    8:   <%= f.text_field :name %>
    9:   <br>
  
app/views/colors/new.html.erb:6:in `_app_views_colors_new_html_erb___516086605580477480_70271566085140'
app/controllers/colors_controller.rb:25:in `create'
Started GET "/colors/new" for ::1 at 2019-05-01 10:54:27 -0500
Processing by ColorsController#new as HTML
  Rendering colors/new.html.erb within layouts/application
  Rendered colors/new.html.erb within layouts/application (1.4ms)
Completed 200 OK in 19ms (Views: 11.9ms | ActiveRecord: 0.5ms)


Started POST "/colors" for ::1 at 2019-05-01 10:54:30 -0500
Processing by ColorsController#create as HTML
  Parameters: {"utf8"=>"✓", "authenticity_token"=>"1tfzfHtS4H+l8UfdZOc7tKd7yDRRWyB35VeiLmaoSMon82/OwHPVKc9Dt9ZHaej7YVGMCXifPFEJX40FKtWHLQ==", "color"=>{"name"=>"asdasdasd", "hexcode"=>"sdadasdas"}, "commit"=>"Create Color"}
  [1m[36mColor Exists (0.3ms)[0m  [1m[34mSELECT  1 AS one FROM "colors" WHERE "colors"."name" = ? LIMIT ?[0m  [["name", "asdasdasd"], ["LIMIT", 1]]
  ↳ app/controllers/colors_controller.rb:20
  [1m[36mColor Exists (0.2ms)[0m  [1m[34mSELECT  1 AS one FROM "colors" WHERE "colors"."hexcode" = ? LIMIT ?[0m  [["hexcode", "sdadasdas"], ["LIMIT", 1]]
  ↳ app/controllers/colors_controller.rb:20
  Rendering colors/new.html.erb within layouts/application
  Rendered colors/new.html.erb within layouts/application (1.4ms)
Completed 200 OK in 16ms (Views: 12.0ms | ActiveRecord: 0.6ms)


Started GET "/2" for ::1 at 2019-05-01 10:56:22 -0500
  
ActionController::RoutingError (No route matches [GET] "/2"):
  
actionpack (5.2.3) lib/action_dispatch/middleware/debug_exceptions.rb:65:in `call'
web-console (3.7.0) lib/web_console/middleware.rb:135:in `call_app'
web-console (3.7.0) lib/web_console/middleware.rb:30:in `block in call'
web-console (3.7.0) lib/web_console/middleware.rb:20:in `catch'
web-console (3.7.0) lib/web_console/middleware.rb:20:in `call'
actionpack (5.2.3) lib/action_dispatch/middleware/show_exceptions.rb:33:in `call'
railties (5.2.3) lib/rails/rack/logger.rb:38:in `call_app'
railties (5.2.3) lib/rails/rack/logger.rb:26:in `block in call'
activesupport (5.2.3) lib/active_support/tagged_logging.rb:71:in `block in tagged'
activesupport (5.2.3) lib/active_support/tagged_logging.rb:28:in `tagged'
activesupport (5.2.3) lib/active_support/tagged_logging.rb:71:in `tagged'
railties (5.2.3) lib/rails/rack/logger.rb:26:in `call'
sprockets-rails (3.2.1) lib/sprockets/rails/quiet_assets.rb:13:in `call'
actionpack (5.2.3) lib/action_dispatch/middleware/remote_ip.rb:81:in `call'
actionpack (5.2.3) lib/action_dispatch/middleware/request_id.rb:27:in `call'
rack (2.0.7) lib/rack/method_override.rb:22:in `call'
rack (2.0.7) lib/rack/runtime.rb:22:in `call'
activesupport (5.2.3) lib/active_support/cache/strategy/local_cache_middleware.rb:29:in `call'
actionpack (5.2.3) lib/action_dispatch/middleware/executor.rb:14:in `call'
actionpack (5.2.3) lib/action_dispatch/middleware/static.rb:127:in `call'
rack (2.0.7) lib/rack/sendfile.rb:111:in `call'
railties (5.2.3) lib/rails/engine.rb:524:in `call'
puma (3.12.1) lib/puma/configuration.rb:227:in `call'
puma (3.12.1) lib/puma/server.rb:660:in `handle_request'
puma (3.12.1) lib/puma/server.rb:474:in `process_client'
puma (3.12.1) lib/puma/server.rb:334:in `block in run'
puma (3.12.1) lib/puma/thread_pool.rb:135:in `block in spawn_thread'
Started GET "/colors/2" for ::1 at 2019-05-01 10:56:31 -0500
Processing by ColorsController#show as HTML
  Parameters: {"id"=>"2"}
  [1m[36mColor Load (0.2ms)[0m  [1m[34mSELECT  "colors".* FROM "colors" WHERE "colors"."id" = ? LIMIT ?[0m  [["id", 2], ["LIMIT", 1]]
  ↳ app/controllers/colors_controller.rb:13
Completed 500 Internal Server Error in 10ms (ActiveRecord: 1.0ms)


  
NoMethodError (undefined method `before' for [:show, :edit]:Array):
  
activesupport (5.2.3) lib/active_support/callbacks.rb:426:in `block in make_lambda'
activesupport (5.2.3) lib/active_support/callbacks.rb:198:in `block (2 levels) in halting'
actionpack (5.2.3) lib/abstract_controller/callbacks.rb:34:in `block (2 levels) in <module:Callbacks>'
activesupport (5.2.3) lib/active_support/callbacks.rb:199:in `block in halting'
activesupport (5.2.3) lib/active_support/callbacks.rb:513:in `block in invoke_before'
activesupport (5.2.3) lib/active_support/callbacks.rb:513:in `each'
activesupport (5.2.3) lib/active_support/callbacks.rb:513:in `invoke_before'
activesupport (5.2.3) lib/active_support/callbacks.rb:131:in `run_callbacks'
actionpack (5.2.3) lib/abstract_controller/callbacks.rb:41:in `process_action'
actionpack (5.2.3) lib/action_controller/metal/rescue.rb:22:in `process_action'
actionpack (5.2.3) lib/action_controller/metal/instrumentation.rb:34:in `block in process_action'
activesupport (5.2.3) lib/active_support/notifications.rb:168:in `block in instrument'
activesupport (5.2.3) lib/active_support/notifications/instrumenter.rb:23:in `instrument'
activesupport (5.2.3) lib/active_support/notifications.rb:168:in `instrument'
actionpack (5.2.3) lib/action_controller/metal/instrumentation.rb:32:in `process_action'
actionpack (5.2.3) lib/action_controller/metal/params_wrapper.rb:256:in `process_action'
activerecord (5.2.3) lib/active_record/railties/controller_runtime.rb:24:in `process_action'
actionpack (5.2.3) lib/abstract_controller/base.rb:134:in `process'
actionview (5.2.3) lib/action_view/rendering.rb:32:in `process'
actionpack (5.2.3) lib/action_controller/metal.rb:191:in `dispatch'
actionpack (5.2.3) lib/action_controller/metal.rb:252:in `dispatch'
actionpack (5.2.3) lib/action_dispatch/routing/route_set.rb:52:in `dispatch'
actionpack (5.2.3) lib/action_dispatch/routing/route_set.rb:34:in `serve'
actionpack (5.2.3) lib/action_dispatch/journey/router.rb:52:in `block in serve'
actionpack (5.2.3) lib/action_dispatch/journey/router.rb:35:in `each'
actionpack (5.2.3) lib/action_dispatch/journey/router.rb:35:in `serve'
actionpack (5.2.3) lib/action_dispatch/routing/route_set.rb:840:in `call'
rack (2.0.7) lib/rack/tempfile_reaper.rb:15:in `call'
rack (2.0.7) lib/rack/etag.rb:25:in `call'
rack (2.0.7) lib/rack/conditional_get.rb:25:in `call'
rack (2.0.7) lib/rack/head.rb:12:in `call'
actionpack (5.2.3) lib/action_dispatch/http/content_security_policy.rb:18:in `call'
rack (2.0.7) lib/rack/session/abstract/id.rb:232:in `context'
rack (2.0.7) lib/rack/session/abstract/id.rb:226:in `call'
actionpack (5.2.3) lib/action_dispatch/middleware/cookies.rb:670:in `call'
activerecord (5.2.3) lib/active_record/migration.rb:559:in `call'
actionpack (5.2.3) lib/action_dispatch/middleware/callbacks.rb:28:in `block in call'
activesupport (5.2.3) lib/active_support/callbacks.rb:98:in `run_callbacks'
actionpack (5.2.3) lib/action_dispatch/middleware/callbacks.rb:26:in `call'
actionpack (5.2.3) lib/action_dispatch/middleware/executor.rb:14:in `call'
actionpack (5.2.3) lib/action_dispatch/middleware/debug_exceptions.rb:61:in `call'
web-console (3.7.0) lib/web_console/middleware.rb:135:in `call_app'
web-console (3.7.0) lib/web_console/middleware.rb:30:in `block in call'
web-console (3.7.0) lib/web_console/middleware.rb:20:in `catch'
web-console (3.7.0) lib/web_console/middleware.rb:20:in `call'
actionpack (5.2.3) lib/action_dispatch/middleware/show_exceptions.rb:33:in `call'
railties (5.2.3) lib/rails/rack/logger.rb:38:in `call_app'
railties (5.2.3) lib/rails/rack/logger.rb:26:in `block in call'
activesupport (5.2.3) lib/active_support/tagged_logging.rb:71:in `block in tagged'
activesupport (5.2.3) lib/active_support/tagged_logging.rb:28:in `tagged'
activesupport (5.2.3) lib/active_support/tagged_logging.rb:71:in `tagged'
railties (5.2.3) lib/rails/rack/logger.rb:26:in `call'
sprockets-rails (3.2.1) lib/sprockets/rails/quiet_assets.rb:13:in `call'
actionpack (5.2.3) lib/action_dispatch/middleware/remote_ip.rb:81:in `call'
actionpack (5.2.3) lib/action_dispatch/middleware/request_id.rb:27:in `call'
rack (2.0.7) lib/rack/method_override.rb:22:in `call'
rack (2.0.7) lib/rack/runtime.rb:22:in `call'
activesupport (5.2.3) lib/active_support/cache/strategy/local_cache_middleware.rb:29:in `call'
actionpack (5.2.3) lib/action_dispatch/middleware/executor.rb:14:in `call'
actionpack (5.2.3) lib/action_dispatch/middleware/static.rb:127:in `call'
rack (2.0.7) lib/rack/sendfile.rb:111:in `call'
railties (5.2.3) lib/rails/engine.rb:524:in `call'
puma (3.12.1) lib/puma/configuration.rb:227:in `call'
puma (3.12.1) lib/puma/server.rb:660:in `handle_request'
puma (3.12.1) lib/puma/server.rb:474:in `process_client'
puma (3.12.1) lib/puma/server.rb:334:in `block in run'
puma (3.12.1) lib/puma/thread_pool.rb:135:in `block in spawn_thread'
Started GET "/colors/2" for ::1 at 2019-05-01 10:57:03 -0500
Processing by ColorsController#show as HTML
  Parameters: {"id"=>"2"}
  [1m[36mColor Load (0.2ms)[0m  [1m[34mSELECT  "colors".* FROM "colors" WHERE "colors"."id" = ? LIMIT ?[0m  [["id", 2], ["LIMIT", 1]]
  ↳ app/controllers/colors_controller.rb:13
  Rendering colors/show.html.erb within layouts/application
  Rendered colors/show.html.erb within layouts/application (0.5ms)
Completed 200 OK in 39ms (Views: 25.0ms | ActiveRecord: 0.8ms)


Started GET "/colors/2/edit" for ::1 at 2019-05-01 10:59:17 -0500
Processing by ColorsController#edit as HTML
  Parameters: {"id"=>"2"}
  [1m[36mColor Load (0.3ms)[0m  [1m[34mSELECT  "colors".* FROM "colors" WHERE "colors"."id" = ? LIMIT ?[0m  [["id", 2], ["LIMIT", 1]]
  ↳ app/controllers/colors_controller.rb:13
  Rendering colors/edit.html.erb within layouts/application
  Rendered colors/edit.html.erb within layouts/application (3.1ms)
Completed 200 OK in 32ms (Views: 29.7ms | ActiveRecord: 0.3ms)


  [1m[36mColor Load (0.2ms)[0m  [1m[34mSELECT  "colors".* FROM "colors" ORDER BY "colors"."id" ASC LIMIT ?[0m  [["LIMIT", 1]]
  [1m[35m (0.1ms)[0m  [1m[36mbegin transaction[0m
  [1m[36mColor Exists (0.2ms)[0m  [1m[34mSELECT  1 AS one FROM "colors" WHERE "colors"."name" = ? AND "colors"."id" != ? LIMIT ?[0m  [["name", "Lime"], ["id", 1], ["LIMIT", 1]]
  [1m[36mColor Exists (0.1ms)[0m  [1m[34mSELECT  1 AS one FROM "colors" WHERE "colors"."hexcode" = ? AND "colors"."id" != ? LIMIT ?[0m  [["hexcode", "dafasdasda"], ["id", 1], ["LIMIT", 1]]
  [1m[35m (0.1ms)[0m  [1m[31mrollback transaction[0m
Started GET "/colors/2/edit" for ::1 at 2019-05-01 11:02:56 -0500
Processing by ColorsController#edit as HTML
  Parameters: {"id"=>"2"}
  [1m[36mColor Load (0.1ms)[0m  [1m[34mSELECT  "colors".* FROM "colors" WHERE "colors"."id" = ? LIMIT ?[0m  [["id", 2], ["LIMIT", 1]]
  ↳ app/controllers/colors_controller.rb:13
  Rendering colors/edit.html.erb within layouts/application
  Rendered colors/edit.html.erb within layouts/application (1.9ms)
Completed 200 OK in 20ms (Views: 11.0ms | ActiveRecord: 0.7ms)


Started PATCH "/colors/2" for ::1 at 2019-05-01 11:03:11 -0500
Processing by ColorsController#update as HTML
  Parameters: {"utf8"=>"✓", "authenticity_token"=>"ArCVwd64oYlomDNHRgghNmB03fM6m+gYSvjA9lHG09rzlAlzZZmU3wIqw0xlhvJ5pl6ZzhNf9D6m8O/dHbscPQ==", "color"=>{"name"=>"Light Coral", "hexcode"=>"#F08080"}, "commit"=>"Update Color", "id"=>"2"}
  [1m[36mColor Load (0.1ms)[0m  [1m[34mSELECT  "colors".* FROM "colors" WHERE "colors"."id" = ? LIMIT ?[0m  [["id", 2], ["LIMIT", 1]]
  ↳ app/controllers/colors_controller.rb:13
  [1m[35m (0.0ms)[0m  [1m[36mbegin transaction[0m
  ↳ app/controllers/colors_controller.rb:36
  [1m[36mColor Exists (0.2ms)[0m  [1m[34mSELECT  1 AS one FROM "colors" WHERE "colors"."name" = ? AND "colors"."id" != ? LIMIT ?[0m  [["name", "Light Coral"], ["id", 2], ["LIMIT", 1]]
  ↳ app/controllers/colors_controller.rb:36
  [1m[36mColor Exists (0.1ms)[0m  [1m[34mSELECT  1 AS one FROM "colors" WHERE "colors"."hexcode" = ? AND "colors"."id" != ? LIMIT ?[0m  [["hexcode", "#F08080"], ["id", 2], ["LIMIT", 1]]
  ↳ app/controllers/colors_controller.rb:36
  [1m[36mColor Update (0.8ms)[0m  [1m[33mUPDATE "colors" SET "hexcode" = ?, "updated_at" = ? WHERE "colors"."id" = ?[0m  [["hexcode", "#F08080"], ["updated_at", "2019-05-01 16:03:11.992063"], ["id", 2]]
  ↳ app/controllers/colors_controller.rb:36
  [1m[35m (1.0ms)[0m  [1m[36mcommit transaction[0m
  ↳ app/controllers/colors_controller.rb:36
Redirected to http://localhost:3000/colors/2
Completed 302 Found in 8ms (ActiveRecord: 2.2ms)


Started GET "/colors/2" for ::1 at 2019-05-01 11:03:11 -0500
Processing by ColorsController#show as HTML
  Parameters: {"id"=>"2"}
  [1m[36mColor Load (0.2ms)[0m  [1m[34mSELECT  "colors".* FROM "colors" WHERE "colors"."id" = ? LIMIT ?[0m  [["id", 2], ["LIMIT", 1]]
  ↳ app/controllers/colors_controller.rb:13
  Rendering colors/show.html.erb within layouts/application
  Rendered colors/show.html.erb within layouts/application (0.6ms)
Completed 200 OK in 12ms (Views: 10.3ms | ActiveRecord: 0.2ms)


Started GET "/colors/2/edit" for ::1 at 2019-05-01 11:05:19 -0500
Processing by ColorsController#edit as HTML
  Parameters: {"id"=>"2"}
  [1m[36mColor Load (0.1ms)[0m  [1m[34mSELECT  "colors".* FROM "colors" WHERE "colors"."id" = ? LIMIT ?[0m  [["id", 2], ["LIMIT", 1]]
  ↳ app/controllers/colors_controller.rb:13
  Rendering colors/edit.html.erb within layouts/application
  Rendered colors/edit.html.erb within layouts/application (111.1ms)
Completed 500 Internal Server Error in 121ms (ActiveRecord: 0.6ms)


  
ActionView::Template::Error (undefined method `delete' for #<ActionView::Helpers::FormBuilder:0x00007fd2c61344f8>):
    12:   <%= f.text_field :hexcode %>
    13:   <br>
    14:   <%= f.submit %>
    15:   <%= f.delete %>
    16: <% end %>
  
app/views/colors/edit.html.erb:15:in `block in _app_views_colors_edit_html_erb___1416681370398407610_70271578259400'
app/views/colors/edit.html.erb:6:in `_app_views_colors_edit_html_erb___1416681370398407610_70271578259400'
Started GET "/colors/1/edit" for ::1 at 2019-05-01 11:07:41 -0500
Processing by ColorsController#edit as HTML
  Parameters: {"id"=>"1"}
  [1m[36mColor Load (0.3ms)[0m  [1m[34mSELECT  "colors".* FROM "colors" WHERE "colors"."id" = ? LIMIT ?[0m  [["id", 1], ["LIMIT", 1]]
  ↳ app/controllers/colors_controller.rb:13
  Rendering colors/edit.html.erb within layouts/application
  Rendered colors/edit.html.erb within layouts/application (3.2ms)
Completed 200 OK in 22ms (Views: 19.0ms | ActiveRecord: 0.3ms)


Started GET "/colors/1/edit" for ::1 at 2019-05-01 11:09:30 -0500
Processing by ColorsController#edit as HTML
  Parameters: {"id"=>"1"}
  [1m[36mColor Load (0.1ms)[0m  [1m[34mSELECT  "colors".* FROM "colors" WHERE "colors"."id" = ? LIMIT ?[0m  [["id", 1], ["LIMIT", 1]]
  ↳ app/controllers/colors_controller.rb:13
  Rendering colors/edit.html.erb within layouts/application
  Rendered colors/edit.html.erb within layouts/application (2.1ms)
Completed 200 OK in 39ms (Views: 29.1ms | ActiveRecord: 0.8ms)


Started DELETE "/colors/1" for ::1 at 2019-05-01 11:09:32 -0500
Processing by ColorsController#destroy as HTML
  Parameters: {"utf8"=>"✓", "authenticity_token"=>"WHI/CM5sZ00t0QAdtGKnOmgSrPuetObYN4b+yvwazIepVqO6dU1SG0dj8BaX7HR1rjjoxrdw+v7bjtHhsGcDYA==", "commit"=>"Delete Lime", "id"=>"1"}
Completed 500 Internal Server Error in 2ms (ActiveRecord: 0.0ms)


  
NoMethodError (undefined method `destroy' for nil:NilClass):
  
app/controllers/colors_controller.rb:45:in `destroy'
Started GET "/colors/1/edit" for ::1 at 2019-05-01 11:09:43 -0500
Processing by ColorsController#edit as HTML
  Parameters: {"id"=>"1"}
  [1m[36mColor Load (0.1ms)[0m  [1m[34mSELECT  "colors".* FROM "colors" WHERE "colors"."id" = ? LIMIT ?[0m  [["id", 1], ["LIMIT", 1]]
  ↳ app/controllers/colors_controller.rb:13
  Rendering colors/edit.html.erb within layouts/application
  Rendered colors/edit.html.erb within layouts/application (3.8ms)
Completed 200 OK in 39ms (Views: 27.4ms | ActiveRecord: 0.6ms)


Started DELETE "/colors/1" for ::1 at 2019-05-01 11:09:44 -0500
Processing by ColorsController#destroy as HTML
  Parameters: {"utf8"=>"✓", "authenticity_token"=>"ydw+pSq1BNFCh4rsUPqNnvpwHfOToL+ATV2cuNdzst84+KIXkZQxhyg1eudzdF7RPFpZzrpko6ahVbOTmw59OA==", "commit"=>"Delete Lime", "id"=>"1"}
Completed 500 Internal Server Error in 2ms (ActiveRecord: 0.0ms)


  
NoMethodError (undefined method `delete' for nil:NilClass):
  
app/controllers/colors_controller.rb:45:in `destroy'
Started GET "/colors/1/edit" for ::1 at 2019-05-01 11:09:57 -0500
Processing by ColorsController#edit as HTML
  Parameters: {"id"=>"1"}
  [1m[36mColor Load (0.2ms)[0m  [1m[34mSELECT  "colors".* FROM "colors" WHERE "colors"."id" = ? LIMIT ?[0m  [["id", 1], ["LIMIT", 1]]
  ↳ app/controllers/colors_controller.rb:13
  Rendering colors/edit.html.erb within layouts/application
  Rendered colors/edit.html.erb within layouts/application (3.5ms)
Completed 200 OK in 34ms (Views: 17.5ms | ActiveRecord: 1.0ms)


Started DELETE "/colors/1" for ::1 at 2019-05-01 11:09:58 -0500
Processing by ColorsController#destroy as HTML
  Parameters: {"utf8"=>"✓", "authenticity_token"=>"f0GjLusUsvJg47023jRubJrTKUHgk8CPpGBjcrQZRmuOZT+cUDWHpApRTT39ur0jXPltfMlX3KlIaExZ+GSJjA==", "commit"=>"Delete Lime", "id"=>"1"}
  [1m[36mColor Load (0.2ms)[0m  [1m[34mSELECT  "colors".* FROM "colors" WHERE "colors"."id" = ? LIMIT ?[0m  [["id", 1], ["LIMIT", 1]]
  ↳ app/controllers/colors_controller.rb:13
  [1m[36mColor Destroy (1.6ms)[0m  [1m[31mDELETE FROM "colors" WHERE "colors"."id" = ?[0m  [["id", 1]]
  ↳ app/controllers/colors_controller.rb:45
Redirected to http://localhost:3000/colors.%23%3CColor::ActiveRecord_Relation:0x00007fd2c4053748%3E
Completed 302 Found in 5ms (ActiveRecord: 1.8ms)


Started GET "/colors.%23%3CColor::ActiveRecord_Relation:0x00007fd2c4053748%3E" for ::1 at 2019-05-01 11:09:58 -0500
Processing by ColorsController#index as 
  Rendering colors/index.html.erb within layouts/application
  [1m[36mColor Load (0.2ms)[0m  [1m[34mSELECT "colors".* FROM "colors"[0m
  ↳ app/views/colors/index.html.erb:2
  Rendered colors/index.html.erb within layouts/application (1.3ms)
Completed 200 OK in 22ms (Views: 13.6ms | ActiveRecord: 0.2ms)


Started GET "/colors/4" for ::1 at 2019-05-01 11:10:41 -0500
Processing by ColorsController#show as HTML
  Parameters: {"id"=>"4"}
  [1m[36mColor Load (0.1ms)[0m  [1m[34mSELECT  "colors".* FROM "colors" WHERE "colors"."id" = ? LIMIT ?[0m  [["id", 4], ["LIMIT", 1]]
  ↳ app/controllers/colors_controller.rb:13
  Rendering colors/show.html.erb within layouts/application
  Rendered colors/show.html.erb within layouts/application (0.4ms)
Completed 200 OK in 17ms (Views: 8.9ms | ActiveRecord: 0.6ms)


Started GET "/colors/4/edit" for ::1 at 2019-05-01 11:10:47 -0500
Processing by ColorsController#edit as HTML
  Parameters: {"id"=>"4"}
  [1m[36mColor Load (0.2ms)[0m  [1m[34mSELECT  "colors".* FROM "colors" WHERE "colors"."id" = ? LIMIT ?[0m  [["id", 4], ["LIMIT", 1]]
  ↳ app/controllers/colors_controller.rb:13
  Rendering colors/edit.html.erb within layouts/application
  Rendered colors/edit.html.erb within layouts/application (2.7ms)
Completed 200 OK in 18ms (Views: 15.2ms | ActiveRecord: 0.2ms)


Started DELETE "/colors/4" for ::1 at 2019-05-01 11:10:48 -0500
Processing by ColorsController#destroy as HTML
  Parameters: {"utf8"=>"✓", "authenticity_token"=>"OufhN5jLxpciscS5Fhq8QLSDqpgjSNtuoVN5mKBbjWLLw32FI+rzwUgDNLI1lG8PcqnupQqMx0hNW1az7CZChQ==", "commit"=>"Delete Macaroni & Cheese", "id"=>"4"}
  [1m[36mColor Load (0.2ms)[0m  [1m[34mSELECT  "colors".* FROM "colors" WHERE "colors"."id" = ? LIMIT ?[0m  [["id", 4], ["LIMIT", 1]]
  ↳ app/controllers/colors_controller.rb:13
  [1m[36mColor Destroy (1.6ms)[0m  [1m[31mDELETE FROM "colors" WHERE "colors"."id" = ?[0m  [["id", 4]]
  ↳ app/controllers/colors_controller.rb:45
Redirected to http://localhost:3000/colors
Completed 302 Found in 4ms (ActiveRecord: 1.7ms)


Started GET "/colors" for ::1 at 2019-05-01 11:10:48 -0500
Processing by ColorsController#index as HTML
  Rendering colors/index.html.erb within layouts/application
  [1m[36mColor Load (0.2ms)[0m  [1m[34mSELECT "colors".* FROM "colors"[0m
  ↳ app/views/colors/index.html.erb:2
  Rendered colors/index.html.erb within layouts/application (2.1ms)
Completed 200 OK in 14ms (Views: 12.6ms | ActiveRecord: 0.2ms)


Started GET "/colors" for ::1 at 2019-05-01 11:11:19 -0500
Processing by ColorsController#index as HTML
  Rendering colors/index.html.erb within layouts/application
  [1m[36mColor Load (0.2ms)[0m  [1m[34mSELECT "colors".* FROM "colors"[0m
  ↳ app/views/colors/index.html.erb:2
  Rendered colors/index.html.erb within layouts/application (5.4ms)
Completed 200 OK in 19ms (Views: 14.2ms | ActiveRecord: 0.7ms)


Started GET "/colors/3" for ::1 at 2019-05-01 11:11:21 -0500
Processing by ColorsController#show as HTML
  Parameters: {"id"=>"3"}
  [1m[36mColor Load (0.2ms)[0m  [1m[34mSELECT  "colors".* FROM "colors" WHERE "colors"."id" = ? LIMIT ?[0m  [["id", 3], ["LIMIT", 1]]
  ↳ app/controllers/colors_controller.rb:13
  Rendering colors/show.html.erb within layouts/application
  Rendered colors/show.html.erb within layouts/application (0.6ms)
Completed 200 OK in 17ms (Views: 12.9ms | ActiveRecord: 0.2ms)


Started GET "/colors/3/edit" for ::1 at 2019-05-01 11:11:24 -0500
Processing by ColorsController#edit as HTML
  Parameters: {"id"=>"3"}
  [1m[36mColor Load (0.3ms)[0m  [1m[34mSELECT  "colors".* FROM "colors" WHERE "colors"."id" = ? LIMIT ?[0m  [["id", 3], ["LIMIT", 1]]
  ↳ app/controllers/colors_controller.rb:13
  Rendering colors/edit.html.erb within layouts/application
  Rendered colors/edit.html.erb within layouts/application (2.4ms)
Completed 200 OK in 14ms (Views: 11.6ms | ActiveRecord: 0.3ms)


Started DELETE "/colors/3" for ::1 at 2019-05-01 11:11:26 -0500
Processing by ColorsController#destroy as HTML
  Parameters: {"utf8"=>"✓", "authenticity_token"=>"iIskjbTZvkS+JEc7H/WRjJfFf1DpBRpc7atNz2iPbyd5r7g/D/iLEtSWtzA8e0LDUe87bcDBBnoBo2LkJPKgwA==", "commit"=>"Delete Glidden Regal Purple", "id"=>"3"}
  [1m[36mColor Load (0.2ms)[0m  [1m[34mSELECT  "colors".* FROM "colors" WHERE "colors"."id" = ? LIMIT ?[0m  [["id", 3], ["LIMIT", 1]]
  ↳ app/controllers/colors_controller.rb:13
  [1m[36mColor Destroy (2.2ms)[0m  [1m[31mDELETE FROM "colors" WHERE "colors"."id" = ?[0m  [["id", 3]]
  ↳ app/controllers/colors_controller.rb:45
Redirected to http://localhost:3000/colors
Completed 302 Found in 6ms (ActiveRecord: 2.4ms)


Started GET "/colors" for ::1 at 2019-05-01 11:11:26 -0500
Processing by ColorsController#index as HTML
  Rendering colors/index.html.erb within layouts/application
  [1m[36mColor Load (0.2ms)[0m  [1m[34mSELECT "colors".* FROM "colors"[0m
  ↳ app/views/colors/index.html.erb:2
  Rendered colors/index.html.erb within layouts/application (2.1ms)
Completed 200 OK in 15ms (Views: 13.0ms | ActiveRecord: 0.2ms)


  [1m[35m (0.1ms)[0m  [1m[34mSELECT "schema_migrations"."version" FROM "schema_migrations" ORDER BY "schema_migrations"."version" ASC[0m
  ↳ /Users/nheinrich/.rvm/rubies/ruby-2.6.2/lib/ruby/gems/2.6.0/gems/rake-12.3.2/lib/rake/task.rb:273
Migrating to CreateUsers (20190501161417)
  [1m[35m (0.1ms)[0m  [1m[36mbegin transaction[0m
  ↳ /Users/nheinrich/.rvm/rubies/ruby-2.6.2/lib/ruby/gems/2.6.0/gems/rake-12.3.2/lib/rake/task.rb:273
  [1m[35m (0.1ms)[0m  [1m[34mSELECT sqlite_version(*)[0m
  ↳ db/migrate/20190501161417_create_users.rb:3
  [1m[35m (0.3ms)[0m  [1m[35mCREATE TABLE "users" ("id" integer PRIMARY KEY AUTOINCREMENT NOT NULL, "name" varchar, "created_at" datetime NOT NULL, "updated_at" datetime NOT NULL)[0m
  ↳ db/migrate/20190501161417_create_users.rb:3
  [1m[36mActiveRecord::SchemaMigration Create (0.1ms)[0m  [1m[32mINSERT INTO "schema_migrations" ("version") VALUES (?)[0m  [["version", "20190501161417"]]
  ↳ /Users/nheinrich/.rvm/rubies/ruby-2.6.2/lib/ruby/gems/2.6.0/gems/rake-12.3.2/lib/rake/task.rb:273
  [1m[35m (0.7ms)[0m  [1m[36mcommit transaction[0m
  ↳ /Users/nheinrich/.rvm/rubies/ruby-2.6.2/lib/ruby/gems/2.6.0/gems/rake-12.3.2/lib/rake/task.rb:273
  [1m[36mActiveRecord::InternalMetadata Load (0.1ms)[0m  [1m[34mSELECT  "ar_internal_metadata".* FROM "ar_internal_metadata" WHERE "ar_internal_metadata"."key" = ? LIMIT ?[0m  [["key", "environment"], ["LIMIT", 1]]
  ↳ /Users/nheinrich/.rvm/rubies/ruby-2.6.2/lib/ruby/gems/2.6.0/gems/rake-12.3.2/lib/rake/task.rb:273
  [1m[35m (0.0ms)[0m  [1m[36mbegin transaction[0m
  ↳ /Users/nheinrich/.rvm/rubies/ruby-2.6.2/lib/ruby/gems/2.6.0/gems/rake-12.3.2/lib/rake/task.rb:273
  [1m[35m (0.0ms)[0m  [1m[36mcommit transaction[0m
  ↳ /Users/nheinrich/.rvm/rubies/ruby-2.6.2/lib/ruby/gems/2.6.0/gems/rake-12.3.2/lib/rake/task.rb:273
  [1m[35m (0.2ms)[0m  [1m[34mSELECT "schema_migrations"."version" FROM "schema_migrations" ORDER BY "schema_migrations"."version" ASC[0m
  ↳ /Users/nheinrich/.rvm/rubies/ruby-2.6.2/lib/ruby/gems/2.6.0/gems/rake-12.3.2/lib/rake/task.rb:273
  [1m[35m (0.1ms)[0m  [1m[34mSELECT "schema_migrations"."version" FROM "schema_migrations" ORDER BY "schema_migrations"."version" ASC[0m
  ↳ /Users/nheinrich/.rvm/rubies/ruby-2.6.2/lib/ruby/gems/2.6.0/gems/rake-12.3.2/lib/rake/task.rb:273
Migrating to CreatePalettes (20190501161638)
  [1m[35m (0.0ms)[0m  [1m[36mbegin transaction[0m
  ↳ /Users/nheinrich/.rvm/rubies/ruby-2.6.2/lib/ruby/gems/2.6.0/gems/rake-12.3.2/lib/rake/task.rb:273
  [1m[35m (0.0ms)[0m  [1m[34mSELECT sqlite_version(*)[0m
  ↳ db/migrate/20190501161638_create_palettes.rb:3
  [1m[35m (0.3ms)[0m  [1m[35mCREATE TABLE "palettes" ("id" integer PRIMARY KEY AUTOINCREMENT NOT NULL, "name" varchar, "color_id" integer, "user_id" integer, "created_at" datetime NOT NULL, "updated_at" datetime NOT NULL, CONSTRAINT "fk_rails_aec041fd36"
FOREIGN KEY ("color_id")
  REFERENCES "colors" ("id")
, CONSTRAINT "fk_rails_a251d8a78d"
FOREIGN KEY ("user_id")
  REFERENCES "users" ("id")
)[0m
  ↳ db/migrate/20190501161638_create_palettes.rb:3
  [1m[35m (0.1ms)[0m  [1m[35mCREATE  INDEX "index_palettes_on_color_id" ON "palettes" ("color_id")[0m
  ↳ db/migrate/20190501161638_create_palettes.rb:3
  [1m[35m (0.1ms)[0m  [1m[35mCREATE  INDEX "index_palettes_on_user_id" ON "palettes" ("user_id")[0m
  ↳ db/migrate/20190501161638_create_palettes.rb:3
  [1m[36mActiveRecord::SchemaMigration Create (0.1ms)[0m  [1m[32mINSERT INTO "schema_migrations" ("version") VALUES (?)[0m  [["version", "20190501161638"]]
  ↳ /Users/nheinrich/.rvm/rubies/ruby-2.6.2/lib/ruby/gems/2.6.0/gems/rake-12.3.2/lib/rake/task.rb:273
  [1m[35m (0.6ms)[0m  [1m[36mcommit transaction[0m
  ↳ /Users/nheinrich/.rvm/rubies/ruby-2.6.2/lib/ruby/gems/2.6.0/gems/rake-12.3.2/lib/rake/task.rb:273
  [1m[36mActiveRecord::InternalMetadata Load (0.1ms)[0m  [1m[34mSELECT  "ar_internal_metadata".* FROM "ar_internal_metadata" WHERE "ar_internal_metadata"."key" = ? LIMIT ?[0m  [["key", "environment"], ["LIMIT", 1]]
  ↳ /Users/nheinrich/.rvm/rubies/ruby-2.6.2/lib/ruby/gems/2.6.0/gems/rake-12.3.2/lib/rake/task.rb:273
  [1m[35m (0.1ms)[0m  [1m[36mbegin transaction[0m
  ↳ /Users/nheinrich/.rvm/rubies/ruby-2.6.2/lib/ruby/gems/2.6.0/gems/rake-12.3.2/lib/rake/task.rb:273
  [1m[35m (0.0ms)[0m  [1m[36mcommit transaction[0m
  ↳ /Users/nheinrich/.rvm/rubies/ruby-2.6.2/lib/ruby/gems/2.6.0/gems/rake-12.3.2/lib/rake/task.rb:273
  [1m[35m (0.1ms)[0m  [1m[34mSELECT "schema_migrations"."version" FROM "schema_migrations" ORDER BY "schema_migrations"."version" ASC[0m
  ↳ /Users/nheinrich/.rvm/rubies/ruby-2.6.2/lib/ruby/gems/2.6.0/gems/rake-12.3.2/lib/rake/task.rb:273
  [1m[36mUser Exists (0.2ms)[0m  [1m[34mSELECT  1 AS one FROM "users" WHERE "users"."name" IS NULL LIMIT ?[0m  [["LIMIT", 1]]
  [1m[35m (0.1ms)[0m  [1m[36mbegin transaction[0m
  [1m[36mUser Exists (0.2ms)[0m  [1m[34mSELECT  1 AS one FROM "users" WHERE "users"."name" IS NULL LIMIT ?[0m  [["LIMIT", 1]]
  [1m[35m (0.2ms)[0m  [1m[31mrollback transaction[0m
  [1m[35m (0.1ms)[0m  [1m[36mbegin transaction[0m
  [1m[36mUser Exists (0.3ms)[0m  [1m[34mSELECT  1 AS one FROM "users" WHERE "users"."name" = ? LIMIT ?[0m  [["name", "Sarah"], ["LIMIT", 1]]
  [1m[36mUser Create (0.7ms)[0m  [1m[32mINSERT INTO "users" ("name", "created_at", "updated_at") VALUES (?, ?, ?)[0m  [["name", "Sarah"], ["created_at", "2019-05-01 16:20:48.515891"], ["updated_at", "2019-05-01 16:20:48.515891"]]
  [1m[35m (1.2ms)[0m  [1m[36mcommit transaction[0m
  [1m[35m (0.1ms)[0m  [1m[36mbegin transaction[0m
  [1m[36mUser Exists (0.3ms)[0m  [1m[34mSELECT  1 AS one FROM "users" WHERE "users"."name" = ? LIMIT ?[0m  [["name", "Sarah"], ["LIMIT", 1]]
  [1m[35m (0.1ms)[0m  [1m[31mrollback transaction[0m
  [1m[35m (15.6ms)[0m  [1m[36mbegin transaction[0m
  [1m[36mUser Exists (0.2ms)[0m  [1m[34mSELECT  1 AS one FROM "users" WHERE "users"."name" = ? LIMIT ?[0m  [["name", "Sarah"], ["LIMIT", 1]]
  [1m[35m (0.0ms)[0m  [1m[31mrollback transaction[0m
Started GET "/users1" for ::1 at 2019-05-01 11:25:55 -0500
  [1m[35m (0.1ms)[0m  [1m[34mSELECT "schema_migrations"."version" FROM "schema_migrations" ORDER BY "schema_migrations"."version" ASC[0m
  ↳ /Users/nheinrich/.rvm/gems/ruby-2.6.2/gems/activerecord-5.2.3/lib/active_record/log_subscriber.rb:98
  
ActionController::RoutingError (No route matches [GET] "/users1"):
  
actionpack (5.2.3) lib/action_dispatch/middleware/debug_exceptions.rb:65:in `call'
web-console (3.7.0) lib/web_console/middleware.rb:135:in `call_app'
web-console (3.7.0) lib/web_console/middleware.rb:30:in `block in call'
web-console (3.7.0) lib/web_console/middleware.rb:20:in `catch'
web-console (3.7.0) lib/web_console/middleware.rb:20:in `call'
actionpack (5.2.3) lib/action_dispatch/middleware/show_exceptions.rb:33:in `call'
railties (5.2.3) lib/rails/rack/logger.rb:38:in `call_app'
railties (5.2.3) lib/rails/rack/logger.rb:26:in `block in call'
activesupport (5.2.3) lib/active_support/tagged_logging.rb:71:in `block in tagged'
activesupport (5.2.3) lib/active_support/tagged_logging.rb:28:in `tagged'
activesupport (5.2.3) lib/active_support/tagged_logging.rb:71:in `tagged'
railties (5.2.3) lib/rails/rack/logger.rb:26:in `call'
sprockets-rails (3.2.1) lib/sprockets/rails/quiet_assets.rb:13:in `call'
actionpack (5.2.3) lib/action_dispatch/middleware/remote_ip.rb:81:in `call'
actionpack (5.2.3) lib/action_dispatch/middleware/request_id.rb:27:in `call'
rack (2.0.7) lib/rack/method_override.rb:22:in `call'
rack (2.0.7) lib/rack/runtime.rb:22:in `call'
activesupport (5.2.3) lib/active_support/cache/strategy/local_cache_middleware.rb:29:in `call'
actionpack (5.2.3) lib/action_dispatch/middleware/executor.rb:14:in `call'
actionpack (5.2.3) lib/action_dispatch/middleware/static.rb:127:in `call'
rack (2.0.7) lib/rack/sendfile.rb:111:in `call'
railties (5.2.3) lib/rails/engine.rb:524:in `call'
puma (3.12.1) lib/puma/configuration.rb:227:in `call'
puma (3.12.1) lib/puma/server.rb:660:in `handle_request'
puma (3.12.1) lib/puma/server.rb:474:in `process_client'
puma (3.12.1) lib/puma/server.rb:334:in `block in run'
puma (3.12.1) lib/puma/thread_pool.rb:135:in `block in spawn_thread'
Started GET "/users/1" for ::1 at 2019-05-01 11:25:59 -0500
Processing by UsersController#show as HTML
  Parameters: {"id"=>"1"}
  [1m[36mUser Load (0.1ms)[0m  [1m[34mSELECT  "users".* FROM "users" WHERE "users"."id" = ? LIMIT ?[0m  [["id", 1], ["LIMIT", 1]]
  ↳ app/controllers/users_controller.rb:8
  Rendering users/show.html.erb within layouts/application
  Rendered users/show.html.erb within layouts/application (0.3ms)
Completed 200 OK in 282ms (Views: 275.9ms | ActiveRecord: 0.5ms)


  [1m[36mUser Load (0.3ms)[0m  [1m[34mSELECT  "users".* FROM "users" ORDER BY "users"."id" ASC LIMIT ?[0m  [["LIMIT", 1]]
  [1m[36mColor Load (0.2ms)[0m  [1m[34mSELECT "colors".* FROM "colors"[0m
  [1m[35m (0.0ms)[0m  [1m[36mbegin transaction[0m
  [1m[36mPalette Create (0.5ms)[0m  [1m[32mINSERT INTO "palettes" ("color_id", "user_id", "created_at", "updated_at") VALUES (?, ?, ?, ?)[0m  [["color_id", 2], ["user_id", 1], ["created_at", "2019-05-01 16:27:04.156598"], ["updated_at", "2019-05-01 16:27:04.156598"]]
  [1m[36mPalette Create (0.1ms)[0m  [1m[32mINSERT INTO "palettes" ("color_id", "user_id", "created_at", "updated_at") VALUES (?, ?, ?, ?)[0m  [["color_id", 5], ["user_id", 1], ["created_at", "2019-05-01 16:27:04.158513"], ["updated_at", "2019-05-01 16:27:04.158513"]]
  [1m[36mPalette Create (0.1ms)[0m  [1m[32mINSERT INTO "palettes" ("color_id", "user_id", "created_at", "updated_at") VALUES (?, ?, ?, ?)[0m  [["color_id", 6], ["user_id", 1], ["created_at", "2019-05-01 16:27:04.159620"], ["updated_at", "2019-05-01 16:27:04.159620"]]
  [1m[35m (0.8ms)[0m  [1m[36mcommit transaction[0m
  [1m[36mColor Load (0.3ms)[0m  [1m[34mSELECT  "colors".* FROM "colors" INNER JOIN "palettes" ON "colors"."id" = "palettes"."color_id" WHERE "palettes"."user_id" = ? LIMIT ?[0m  [["user_id", 1], ["LIMIT", 11]]
  [1m[36mColor Load (0.2ms)[0m  [1m[34mSELECT  "colors".* FROM "colors" INNER JOIN "palettes" ON "colors"."id" = "palettes"."color_id" WHERE "palettes"."user_id" = ? LIMIT ?[0m  [["user_id", 1], ["LIMIT", 11]]
Started GET "/users/1" for ::1 at 2019-05-01 11:28:03 -0500
Processing by UsersController#show as HTML
  Parameters: {"id"=>"1"}
  [1m[36mUser Load (0.2ms)[0m  [1m[34mSELECT  "users".* FROM "users" WHERE "users"."id" = ? LIMIT ?[0m  [["id", 1], ["LIMIT", 1]]
  ↳ app/controllers/users_controller.rb:8
  Rendering users/show.html.erb within layouts/application
  Rendered users/show.html.erb within layouts/application (0.8ms)
Completed 200 OK in 19ms (Views: 16.8ms | ActiveRecord: 0.2ms)


Started GET "/users/1" for ::1 at 2019-05-01 11:29:34 -0500
Processing by UsersController#show as HTML
  Parameters: {"id"=>"1"}
  [1m[36mUser Load (0.2ms)[0m  [1m[34mSELECT  "users".* FROM "users" WHERE "users"."id" = ? LIMIT ?[0m  [["id", 1], ["LIMIT", 1]]
  ↳ app/controllers/users_controller.rb:8
  Rendering users/show.html.erb within layouts/application
  [1m[36mColor Load (0.2ms)[0m  [1m[34mSELECT "colors".* FROM "colors" INNER JOIN "palettes" ON "colors"."id" = "palettes"."color_id" WHERE "palettes"."user_id" = ?[0m  [["user_id", 1]]
  ↳ app/views/users/show.html.erb:4
  Rendered users/show.html.erb within layouts/application (33.0ms)
Completed 200 OK in 48ms (Views: 44.5ms | ActiveRecord: 1.4ms)


Started GET "/colors/6" for ::1 at 2019-05-01 11:29:37 -0500
Processing by ColorsController#show as HTML
  Parameters: {"id"=>"6"}
  [1m[36mColor Load (0.3ms)[0m  [1m[34mSELECT  "colors".* FROM "colors" WHERE "colors"."id" = ? LIMIT ?[0m  [["id", 6], ["LIMIT", 1]]
  ↳ app/controllers/colors_controller.rb:13
  Rendering colors/show.html.erb within layouts/application
  Rendered colors/show.html.erb within layouts/application (0.6ms)
Completed 200 OK in 19ms (Views: 14.8ms | ActiveRecord: 0.3ms)


Started GET "/colors/5" for ::1 at 2019-05-01 11:29:40 -0500
Processing by ColorsController#show as HTML
  Parameters: {"id"=>"5"}
  [1m[36mColor Load (0.2ms)[0m  [1m[34mSELECT  "colors".* FROM "colors" WHERE "colors"."id" = ? LIMIT ?[0m  [["id", 5], ["LIMIT", 1]]
  ↳ app/controllers/colors_controller.rb:13
  Rendering colors/show.html.erb within layouts/application
  Rendered colors/show.html.erb within layouts/application (0.5ms)
Completed 200 OK in 22ms (Views: 20.1ms | ActiveRecord: 0.2ms)


Started GET "/colors/2" for ::1 at 2019-05-01 11:29:42 -0500
Processing by ColorsController#show as HTML
  Parameters: {"id"=>"2"}
  [1m[36mColor Load (0.3ms)[0m  [1m[34mSELECT  "colors".* FROM "colors" WHERE "colors"."id" = ? LIMIT ?[0m  [["id", 2], ["LIMIT", 1]]
  ↳ app/controllers/colors_controller.rb:13
  Rendering colors/show.html.erb within layouts/application
  Rendered colors/show.html.erb within layouts/application (0.6ms)
Completed 200 OK in 25ms (Views: 21.7ms | ActiveRecord: 0.3ms)


Started GET "/users/1" for ::1 at 2019-05-01 11:31:08 -0500
Processing by UsersController#show as HTML
  Parameters: {"id"=>"1"}
  [1m[36mUser Load (0.2ms)[0m  [1m[34mSELECT  "users".* FROM "users" WHERE "users"."id" = ? LIMIT ?[0m  [["id", 1], ["LIMIT", 1]]
  ↳ app/controllers/users_controller.rb:8
  Rendering users/show.html.erb within layouts/application
  [1m[36mColor Load (0.2ms)[0m  [1m[34mSELECT "colors".* FROM "colors" INNER JOIN "palettes" ON "colors"."id" = "palettes"."color_id" WHERE "palettes"."user_id" = ?[0m  [["user_id", 1]]
  ↳ app/views/users/show.html.erb:4
  Rendered users/show.html.erb within layouts/application (2.1ms)
Completed 200 OK in 19ms (Views: 16.9ms | ActiveRecord: 0.4ms)


Started GET "/colors/5" for ::1 at 2019-05-01 11:31:09 -0500
Processing by ColorsController#show as HTML
  Parameters: {"id"=>"5"}
  [1m[36mColor Load (0.2ms)[0m  [1m[34mSELECT  "colors".* FROM "colors" WHERE "colors"."id" = ? LIMIT ?[0m  [["id", 5], ["LIMIT", 1]]
  ↳ app/controllers/colors_controller.rb:13
  Rendering colors/show.html.erb within layouts/application
  [1m[36mUser Load (0.3ms)[0m  [1m[34mSELECT "users".* FROM "users" INNER JOIN "palettes" ON "users"."id" = "palettes"."user_id" WHERE "palettes"."color_id" = ?[0m  [["color_id", 5]]
  ↳ app/views/colors/show.html.erb:14
  Rendered colors/show.html.erb within layouts/application (7.8ms)
Completed 200 OK in 34ms (Views: 30.3ms | ActiveRecord: 0.5ms)


Started GET "/users/1" for ::1 at 2019-05-01 11:31:32 -0500
Processing by UsersController#show as HTML
  Parameters: {"id"=>"1"}
  [1m[36mUser Load (0.2ms)[0m  [1m[34mSELECT  "users".* FROM "users" WHERE "users"."id" = ? LIMIT ?[0m  [["id", 1], ["LIMIT", 1]]
  ↳ app/controllers/users_controller.rb:8
  Rendering users/show.html.erb within layouts/application
  [1m[36mColor Load (0.3ms)[0m  [1m[34mSELECT "colors".* FROM "colors" INNER JOIN "palettes" ON "colors"."id" = "palettes"."color_id" WHERE "palettes"."user_id" = ?[0m  [["user_id", 1]]
  ↳ app/views/users/show.html.erb:4
  Rendered users/show.html.erb within layouts/application (3.2ms)
Completed 200 OK in 54ms (Views: 50.9ms | ActiveRecord: 0.5ms)


Started GET "/colors/5" for ::1 at 2019-05-01 11:31:33 -0500
Processing by ColorsController#show as HTML
  Parameters: {"id"=>"5"}
  [1m[36mColor Load (0.5ms)[0m  [1m[34mSELECT  "colors".* FROM "colors" WHERE "colors"."id" = ? LIMIT ?[0m  [["id", 5], ["LIMIT", 1]]
  ↳ app/controllers/colors_controller.rb:13
  Rendering colors/show.html.erb within layouts/application
  [1m[36mUser Load (0.2ms)[0m  [1m[34mSELECT "users".* FROM "users" INNER JOIN "palettes" ON "users"."id" = "palettes"."user_id" WHERE "palettes"."color_id" = ?[0m  [["color_id", 5]]
  ↳ app/views/colors/show.html.erb:14
  Rendered colors/show.html.erb within layouts/application (3.5ms)
Completed 200 OK in 28ms (Views: 24.0ms | ActiveRecord: 0.7ms)


Started GET "/colors/5" for ::1 at 2019-05-01 11:31:58 -0500
Processing by ColorsController#show as HTML
  Parameters: {"id"=>"5"}
  [1m[36mColor Load (0.2ms)[0m  [1m[34mSELECT  "colors".* FROM "colors" WHERE "colors"."id" = ? LIMIT ?[0m  [["id", 5], ["LIMIT", 1]]
  ↳ app/controllers/colors_controller.rb:13
  Rendering colors/show.html.erb within layouts/application
  [1m[36mUser Load (0.1ms)[0m  [1m[34mSELECT "users".* FROM "users" INNER JOIN "palettes" ON "users"."id" = "palettes"."user_id" WHERE "palettes"."color_id" = ?[0m  [["color_id", 5]]
  ↳ app/views/colors/show.html.erb:14
  Rendered colors/show.html.erb within layouts/application (1.7ms)
Completed 200 OK in 17ms (Views: 14.9ms | ActiveRecord: 0.3ms)


Started GET "/users/1" for ::1 at 2019-05-01 11:32:00 -0500
Processing by UsersController#show as HTML
  Parameters: {"id"=>"1"}
  [1m[36mUser Load (0.2ms)[0m  [1m[34mSELECT  "users".* FROM "users" WHERE "users"."id" = ? LIMIT ?[0m  [["id", 1], ["LIMIT", 1]]
  ↳ app/controllers/users_controller.rb:8
  Rendering users/show.html.erb within layouts/application
  [1m[36mColor Load (0.2ms)[0m  [1m[34mSELECT "colors".* FROM "colors" INNER JOIN "palettes" ON "colors"."id" = "palettes"."color_id" WHERE "palettes"."user_id" = ?[0m  [["user_id", 1]]
  ↳ app/views/users/show.html.erb:4
  Rendered users/show.html.erb within layouts/application (2.6ms)
Completed 200 OK in 22ms (Views: 18.8ms | ActiveRecord: 0.4ms)


Started GET "/colors/6" for ::1 at 2019-05-01 11:32:01 -0500
Processing by ColorsController#show as HTML
  Parameters: {"id"=>"6"}
  [1m[36mColor Load (0.2ms)[0m  [1m[34mSELECT  "colors".* FROM "colors" WHERE "colors"."id" = ? LIMIT ?[0m  [["id", 6], ["LIMIT", 1]]
  ↳ app/controllers/colors_controller.rb:13
  Rendering colors/show.html.erb within layouts/application
  [1m[36mUser Load (0.2ms)[0m  [1m[34mSELECT "users".* FROM "users" INNER JOIN "palettes" ON "users"."id" = "palettes"."user_id" WHERE "palettes"."color_id" = ?[0m  [["color_id", 6]]
  ↳ app/views/colors/show.html.erb:14
  Rendered colors/show.html.erb within layouts/application (2.3ms)
Completed 200 OK in 21ms (Views: 18.3ms | ActiveRecord: 0.4ms)


Started GET "/users/1" for ::1 at 2019-05-01 11:32:03 -0500
Processing by UsersController#show as HTML
  Parameters: {"id"=>"1"}
  [1m[36mUser Load (0.2ms)[0m  [1m[34mSELECT  "users".* FROM "users" WHERE "users"."id" = ? LIMIT ?[0m  [["id", 1], ["LIMIT", 1]]
  ↳ app/controllers/users_controller.rb:8
  Rendering users/show.html.erb within layouts/application
  [1m[36mColor Load (0.2ms)[0m  [1m[34mSELECT "colors".* FROM "colors" INNER JOIN "palettes" ON "colors"."id" = "palettes"."color_id" WHERE "palettes"."user_id" = ?[0m  [["user_id", 1]]
  ↳ app/views/users/show.html.erb:4
  Rendered users/show.html.erb within layouts/application (2.6ms)
Completed 200 OK in 24ms (Views: 21.6ms | ActiveRecord: 0.4ms)


Started GET "/colors/2" for ::1 at 2019-05-01 11:32:04 -0500
Processing by ColorsController#show as HTML
  Parameters: {"id"=>"2"}
  [1m[36mColor Load (0.1ms)[0m  [1m[34mSELECT  "colors".* FROM "colors" WHERE "colors"."id" = ? LIMIT ?[0m  [["id", 2], ["LIMIT", 1]]
  ↳ app/controllers/colors_controller.rb:13
  Rendering colors/show.html.erb within layouts/application
  [1m[36mUser Load (0.2ms)[0m  [1m[34mSELECT "users".* FROM "users" INNER JOIN "palettes" ON "users"."id" = "palettes"."user_id" WHERE "palettes"."color_id" = ?[0m  [["color_id", 2]]
  ↳ app/views/colors/show.html.erb:14
  Rendered colors/show.html.erb within layouts/application (2.2ms)
Completed 200 OK in 19ms (Views: 16.8ms | ActiveRecord: 0.3ms)


Started GET "/users/1" for ::1 at 2019-05-01 11:32:05 -0500
Processing by UsersController#show as HTML
  Parameters: {"id"=>"1"}
  [1m[36mUser Load (0.2ms)[0m  [1m[34mSELECT  "users".* FROM "users" WHERE "users"."id" = ? LIMIT ?[0m  [["id", 1], ["LIMIT", 1]]
  ↳ app/controllers/users_controller.rb:8
  Rendering users/show.html.erb within layouts/application
  [1m[36mColor Load (0.2ms)[0m  [1m[34mSELECT "colors".* FROM "colors" INNER JOIN "palettes" ON "colors"."id" = "palettes"."color_id" WHERE "palettes"."user_id" = ?[0m  [["user_id", 1]]
  ↳ app/views/users/show.html.erb:4
  Rendered users/show.html.erb within layouts/application (2.3ms)
Completed 200 OK in 22ms (Views: 19.8ms | ActiveRecord: 0.3ms)


Started GET "/users/new" for ::1 at 2019-05-01 11:36:44 -0500
Processing by UsersController#new as HTML
  Rendering users/new.html.erb within layouts/application
  Rendered users/new.html.erb within layouts/application (0.6ms)
Completed 500 Internal Server Error in 9ms (ActiveRecord: 0.6ms)


  
SyntaxError (/Users/nheinrich/Desktop/favebow/app/views/users/new.html.erb:5: syntax error, unexpected '<', expecting ')'
<% end );
^
/Users/nheinrich/Desktop/favebow/app/views/users/new.html.erb:10: syntax error, unexpected end-of-input, expecting end):
  
app/views/users/new.html.erb:5: syntax error, unexpected '<', expecting ')'
app/views/users/new.html.erb:10: syntax error, unexpected end-of-input, expecting end
Started GET "/users/new" for ::1 at 2019-05-01 11:36:55 -0500
Processing by UsersController#new as HTML
  Rendering users/new.html.erb within layouts/application
  Rendered users/new.html.erb within layouts/application (5.9ms)
Completed 500 Internal Server Error in 9ms (ActiveRecord: 0.0ms)


  
ActionView::Template::Error (undefined method `merge' for :name:Symbol):
    1: <%= form_for @user do |f| %>
    2:   <%= f.label :name %>
    3:   <%= f.text_field :name %>
    4:   <%= f.collection_check_boxes(:user, :colors, Color.all, :id, :name) %>
    5: <% end %>
  
app/views/users/new.html.erb:4:in `block in _app_views_users_new_html_erb__1534915021443638465_70271621230520'
app/views/users/new.html.erb:1:in `_app_views_users_new_html_erb__1534915021443638465_70271621230520'
Started GET "/users/new" for ::1 at 2019-05-01 11:37:23 -0500
Processing by UsersController#new as HTML
  Rendering users/new.html.erb within layouts/application
  Rendered users/new.html.erb within layouts/application (2.8ms)
Completed 500 Internal Server Error in 6ms (ActiveRecord: 0.0ms)


  
ActionView::Template::Error (undefined method `merge' for :name:Symbol):
    1: <%= form_for @user do |f| %>
    2:   <%= f.label :name %>
    3:   <%= f.text_field :name %>
    4:   <%= f.collection_check_boxes(:user, :color_ids, Color.all, :id, :name) %>
    5: <% end %>
  
app/views/users/new.html.erb:4:in `block in _app_views_users_new_html_erb__1534915021443638465_70271629411160'
app/views/users/new.html.erb:1:in `_app_views_users_new_html_erb__1534915021443638465_70271629411160'
Started GET "/users/new" for ::1 at 2019-05-01 11:37:27 -0500
Processing by UsersController#new as HTML
  Rendering users/new.html.erb within layouts/application
  Rendered users/new.html.erb within layouts/application (4.0ms)
Completed 500 Internal Server Error in 7ms (ActiveRecord: 0.0ms)


  
ActionView::Template::Error (undefined method `merge' for :name:Symbol):
    1: <%= form_for @user do |f| %>
    2:   <%= f.label :name %>
    3:   <%= f.text_field :name %>
    4:   <%= f.collection_check_boxes(:user, :color_ids, Color.all, :id, :name) %>
    5: <% end %>
  
app/views/users/new.html.erb:4:in `block in _app_views_users_new_html_erb__1534915021443638465_70271621585000'
app/views/users/new.html.erb:1:in `_app_views_users_new_html_erb__1534915021443638465_70271621585000'
Started GET "/users/new" for ::1 at 2019-05-01 11:39:02 -0500
Processing by UsersController#new as HTML
  Rendering users/new.html.erb within layouts/application
  Rendered users/new.html.erb within layouts/application (2.0ms)
Completed 500 Internal Server Error in 4ms (ActiveRecord: 0.0ms)


  
ActionView::Template::Error (undefined method `merge' for :name:Symbol):
    1: <%= form_for @user do |f| %>
    2:   <%= f.label :name %>
    3:   <%= f.text_field :name %>
    4:   <%= f.collection_check_boxes :user, :color, Color.all, :id, :name %>
    5: <% end %>
  
app/views/users/new.html.erb:4:in `block in _app_views_users_new_html_erb__1534915021443638465_70271561904900'
app/views/users/new.html.erb:1:in `_app_views_users_new_html_erb__1534915021443638465_70271561904900'
Started GET "/users/new" for ::1 at 2019-05-01 11:39:26 -0500
Processing by UsersController#new as HTML
  Rendering users/new.html.erb within layouts/application
  [1m[36mColor Load (0.2ms)[0m  [1m[34mSELECT "colors".* FROM "colors"[0m
  ↳ app/views/users/new.html.erb:4
  Rendered users/new.html.erb within layouts/application (76.9ms)
Completed 200 OK in 91ms (Views: 88.8ms | ActiveRecord: 0.8ms)


Started GET "/users/new" for ::1 at 2019-05-01 11:41:18 -0500
Processing by UsersController#new as HTML
  Rendering users/new.html.erb within layouts/application
  [1m[36mColor Load (0.2ms)[0m  [1m[34mSELECT "colors".* FROM "colors"[0m
  ↳ app/views/users/new.html.erb:4
  Rendered users/new.html.erb within layouts/application (36.9ms)
Completed 200 OK in 55ms (Views: 48.0ms | ActiveRecord: 1.4ms)


Started POST "/users" for ::1 at 2019-05-01 11:41:23 -0500
Processing by UsersController#create as HTML
  Parameters: {"utf8"=>"✓", "authenticity_token"=>"TLhO8JnbXT2sMcp7AMPJXOs6rYCdyZmYkP7Z32gL7ZO9nNJCIvpoa8aDOnAjTRoTLRDpvbQNhb589vb0JHYidA==", "user"=>{"name"=>"Noa", "color_ids"=>["", "5", "6"]}, "commit"=>"Create User"}
Unpermitted parameter: :color_ids
  [1m[36mUser Exists (0.3ms)[0m  [1m[34mSELECT  1 AS one FROM "users" WHERE "users"."name" = ? LIMIT ?[0m  [["name", "Noa"], ["LIMIT", 1]]
  ↳ app/controllers/users_controller.rb:12
  [1m[35m (0.0ms)[0m  [1m[36mbegin transaction[0m
  ↳ app/controllers/users_controller.rb:13
  [1m[36mCACHE User Exists (0.0ms)[0m  [1m[34mSELECT  1 AS one FROM "users" WHERE "users"."name" = ? LIMIT ?[0m  [["name", "Noa"], ["LIMIT", 1]]
  ↳ app/controllers/users_controller.rb:13
  [1m[36mUser Create (0.7ms)[0m  [1m[32mINSERT INTO "users" ("name", "created_at", "updated_at") VALUES (?, ?, ?)[0m  [["name", "Noa"], ["created_at", "2019-05-01 16:41:23.855559"], ["updated_at", "2019-05-01 16:41:23.855559"]]
  ↳ app/controllers/users_controller.rb:13
  [1m[35m (1.0ms)[0m  [1m[36mcommit transaction[0m
  ↳ app/controllers/users_controller.rb:13
Redirected to http://localhost:3000/users/2
Completed 302 Found in 8ms (ActiveRecord: 2.0ms)


Started GET "/users/2" for ::1 at 2019-05-01 11:41:23 -0500
Processing by UsersController#show as HTML
  Parameters: {"id"=>"2"}
  [1m[36mUser Load (0.5ms)[0m  [1m[34mSELECT  "users".* FROM "users" WHERE "users"."id" = ? LIMIT ?[0m  [["id", 2], ["LIMIT", 1]]
  ↳ app/controllers/users_controller.rb:22
  Rendering users/show.html.erb within layouts/application
  [1m[36mColor Load (0.2ms)[0m  [1m[34mSELECT "colors".* FROM "colors" INNER JOIN "palettes" ON "colors"."id" = "palettes"."color_id" WHERE "palettes"."user_id" = ?[0m  [["user_id", 2]]
  ↳ app/views/users/show.html.erb:4
  Rendered users/show.html.erb within layouts/application (2.5ms)
Completed 200 OK in 21ms (Views: 16.4ms | ActiveRecord: 0.8ms)


Started POST "/users" for ::1 at 2019-05-01 11:43:38 -0500
Processing by UsersController#create as HTML
  Parameters: {"utf8"=>"✓", "authenticity_token"=>"TLhO8JnbXT2sMcp7AMPJXOs6rYCdyZmYkP7Z32gL7ZO9nNJCIvpoa8aDOnAjTRoTLRDpvbQNhb589vb0JHYidA==", "user"=>{"name"=>"Sonia", "color_ids"=>["", "5", "6"]}, "commit"=>"Create User"}
  [1m[36mColor Load (0.1ms)[0m  [1m[34mSELECT "colors".* FROM "colors" WHERE "colors"."id" IN (?, ?)[0m  [["id", 5], ["id", 6]]
  ↳ app/controllers/users_controller.rb:11
  [1m[36mColor Exists (0.2ms)[0m  [1m[34mSELECT  1 AS one FROM "colors" WHERE "colors"."name" = ? AND "colors"."id" != ? LIMIT ?[0m  [["name", "Light Sea Green"], ["id", 5], ["LIMIT", 1]]
  ↳ app/controllers/users_controller.rb:12
  [1m[36mColor Exists (0.1ms)[0m  [1m[34mSELECT  1 AS one FROM "colors" WHERE "colors"."hexcode" = ? AND "colors"."id" != ? LIMIT ?[0m  [["hexcode", "#20B2AA"], ["id", 5], ["LIMIT", 1]]
  ↳ app/controllers/users_controller.rb:12
  [1m[36mColor Exists (0.1ms)[0m  [1m[34mSELECT  1 AS one FROM "colors" WHERE "colors"."name" = ? AND "colors"."id" != ? LIMIT ?[0m  [["name", "Obstinate Orange"], ["id", 6], ["LIMIT", 1]]
  ↳ app/controllers/users_controller.rb:12
  [1m[36mColor Exists (0.1ms)[0m  [1m[34mSELECT  1 AS one FROM "colors" WHERE "colors"."hexcode" = ? AND "colors"."id" != ? LIMIT ?[0m  [["hexcode", "#D75530"], ["id", 6], ["LIMIT", 1]]
  ↳ app/controllers/users_controller.rb:12
  [1m[36mUser Exists (0.1ms)[0m  [1m[34mSELECT  1 AS one FROM "users" WHERE "users"."name" = ? LIMIT ?[0m  [["name", "Sonia"], ["LIMIT", 1]]
  ↳ app/controllers/users_controller.rb:12
  [1m[35m (0.0ms)[0m  [1m[36mbegin transaction[0m
  ↳ app/controllers/users_controller.rb:13
  [1m[36mCACHE Color Exists (0.0ms)[0m  [1m[34mSELECT  1 AS one FROM "colors" WHERE "colors"."name" = ? AND "colors"."id" != ? LIMIT ?[0m  [["name", "Light Sea Green"], ["id", 5], ["LIMIT", 1]]
  ↳ app/controllers/users_controller.rb:13
  [1m[36mCACHE Color Exists (0.0ms)[0m  [1m[34mSELECT  1 AS one FROM "colors" WHERE "colors"."hexcode" = ? AND "colors"."id" != ? LIMIT ?[0m  [["hexcode", "#20B2AA"], ["id", 5], ["LIMIT", 1]]
  ↳ app/controllers/users_controller.rb:13
  [1m[36mCACHE Color Exists (0.0ms)[0m  [1m[34mSELECT  1 AS one FROM "colors" WHERE "colors"."name" = ? AND "colors"."id" != ? LIMIT ?[0m  [["name", "Obstinate Orange"], ["id", 6], ["LIMIT", 1]]
  ↳ app/controllers/users_controller.rb:13
  [1m[36mCACHE Color Exists (0.0ms)[0m  [1m[34mSELECT  1 AS one FROM "colors" WHERE "colors"."hexcode" = ? AND "colors"."id" != ? LIMIT ?[0m  [["hexcode", "#D75530"], ["id", 6], ["LIMIT", 1]]
  ↳ app/controllers/users_controller.rb:13
  [1m[36mCACHE User Exists (0.0ms)[0m  [1m[34mSELECT  1 AS one FROM "users" WHERE "users"."name" = ? LIMIT ?[0m  [["name", "Sonia"], ["LIMIT", 1]]
  ↳ app/controllers/users_controller.rb:13
  [1m[36mUser Create (0.4ms)[0m  [1m[32mINSERT INTO "users" ("name", "created_at", "updated_at") VALUES (?, ?, ?)[0m  [["name", "Sonia"], ["created_at", "2019-05-01 16:43:38.993473"], ["updated_at", "2019-05-01 16:43:38.993473"]]
  ↳ app/controllers/users_controller.rb:13
  [1m[36mPalette Create (0.2ms)[0m  [1m[32mINSERT INTO "palettes" ("color_id", "user_id", "created_at", "updated_at") VALUES (?, ?, ?, ?)[0m  [["color_id", 5], ["user_id", 3], ["created_at", "2019-05-01 16:43:38.994755"], ["updated_at", "2019-05-01 16:43:38.994755"]]
  ↳ app/controllers/users_controller.rb:13
  [1m[36mPalette Create (0.1ms)[0m  [1m[32mINSERT INTO "palettes" ("color_id", "user_id", "created_at", "updated_at") VALUES (?, ?, ?, ?)[0m  [["color_id", 6], ["user_id", 3], ["created_at", "2019-05-01 16:43:38.995796"], ["updated_at", "2019-05-01 16:43:38.995796"]]
  ↳ app/controllers/users_controller.rb:13
  [1m[35m (0.8ms)[0m  [1m[36mcommit transaction[0m
  ↳ app/controllers/users_controller.rb:13
Redirected to http://localhost:3000/users/3
Completed 302 Found in 34ms (ActiveRecord: 3.6ms)


Started GET "/users/3" for ::1 at 2019-05-01 11:43:39 -0500
Processing by UsersController#show as HTML
  Parameters: {"id"=>"3"}
  [1m[36mUser Load (0.2ms)[0m  [1m[34mSELECT  "users".* FROM "users" WHERE "users"."id" = ? LIMIT ?[0m  [["id", 3], ["LIMIT", 1]]
  ↳ app/controllers/users_controller.rb:22
  Rendering users/show.html.erb within layouts/application
  [1m[36mColor Load (0.2ms)[0m  [1m[34mSELECT "colors".* FROM "colors" INNER JOIN "palettes" ON "colors"."id" = "palettes"."color_id" WHERE "palettes"."user_id" = ?[0m  [["user_id", 3]]
  ↳ app/views/users/show.html.erb:4
  Rendered users/show.html.erb within layouts/application (3.0ms)
Completed 200 OK in 25ms (Views: 22.7ms | ActiveRecord: 0.5ms)


